60
0 L 0 163 1
0 D 1 163 1
1 L 0 230 1
1 D 11 230 1
2 L 0 43 1
2 D 50 43 1
3 L 0 104 1
3 D 79 104 1
4 L 2 358 1
4 D 82 358 1
5 L 0 375 1
5 D 152 375 1
6 L 1 234 1
6 D 167 234 1
7 L 7 97 1
7 D 260 97 1
8 L 0 111 1
8 D 275 111 1
9 L 0 396 1
9 D 303 396 1
10 L 8 125 1
10 D 325 125 1
11 L 0 288 1
11 D 363 288 1
12 L 0 383 1
12 D 409 383 1
13 L 0 225 1
13 D 425 225 1
14 L 0 299 1
14 D 464 299 1
15 L 0 100 1
15 D 594 100 1
16 L 0 81 1
16 D 663 81 1
17 L 0 205 1
17 D 664 205 1
18 L 5 184 1
18 D 683 184 1
19 L 0 214 1
19 D 688 214 1
20 L 1 54 1
20 D 760 54 1
21 L 0 241 1
21 D 775 241 1
22 L 0 191 1
22 D 776 191 1
23 L 7 289 1
23 D 816 289 1
24 L 4 162 1
24 D 829 162 1
25 L 2 200 1
25 D 843 200 1
26 L 0 104 1
26 D 852 104 1
27 L 0 172 1
27 D 861 172 1
28 L 0 255 1
28 D 889 255 1
29 L 0 163 1
29 D 913 163 1
