6212
0 L 0 1052 1
0 D 14 1052 1
1 L 0 815 1
1 D 19 815 1
2 L 0 597 1
2 D 68 597 1
3 L 0 604 1
3 D 82 604 1
4 L 0 992 1
4 D 115 992 1
5 L 0 1938 1
5 D 217 1938 1
6 L 0 1590 1
6 D 247 1590 1
7 L 0 1923 1
7 D 312 1923 1
8 L 0 1057 1
8 D 315 1057 1
9 L 0 583 1
9 D 386 583 1
10 L 0 137 1
10 D 400 137 1
11 L 0 296 1
11 D 539 296 1
12 L 0 1962 1
12 D 675 1962 1
13 L 0 1762 1
13 D 681 1762 1
14 L 0 669 1
14 D 761 669 1
15 L 0 465 1
15 D 863 465 1
16 L 0 940 1
16 D 923 940 1
17 L 0 1854 1
17 D 927 1854 1
18 L 0 1355 1
18 D 934 1355 1
19 L 0 435 1
19 D 966 435 1
20 L 0 1285 1
20 D 968 1285 1
21 L 0 1335 1
21 D 980 1335 1
22 L 0 971 1
22 D 996 971 1
23 L 0 1958 1
23 L 0 1843 1
23 D 8 1958 1
23 D 8 1843 1
24 L 0 1189 1
24 L 0 154 1
24 D 10 1189 1
24 D 10 154 1
25 L 0 919 1
25 L 0 1699 1
25 D 28 919 1
25 D 28 1699 1
26 L 0 719 1
26 L 0 149 1
26 D 39 719 1
26 D 39 149 1
27 L 0 1344 1
27 D 40 1344 1
28 L 0 216 1
28 L 0 563 1
28 D 44 216 1
28 D 44 563 1
29 L 0 1514 1
29 L 0 1782 1
29 D 49 1514 1
29 D 49 1782 1
0 L 0 448 1
0 L 0 1304 1
0 D 58 448 1
0 D 58 1304 1
1 L 0 1300 1
1 L 0 512 1
1 D 85 1300 1
1 D 85 512 1
2 L 0 1357 1
2 D 107 1357 1
3 L 0 157 1
3 L 0 1747 1
3 D 123 157 1
3 D 123 1747 1
4 L 1 1177 1
4 L 1 372 1
4 D 152 1177 1
4 D 152 372 1
5 L 0 484 1
5 L 0 531 1
5 D 171 484 1
5 D 171 531 1
6 L 0 190 1
6 L 0 816 1
6 D 182 190 1
6 D 182 816 1
7 L 1 841 1
7 L 1 31 1
7 D 186 841 1
7 D 186 31 1
8 L 0 18 1
8 L 0 1002 1
8 D 198 18 1
8 D 198 1002 1
9 L 0 348 1
9 L 0 1444 1
9 D 205 348 1
9 D 205 1444 1
10 L 0 1606 1
10 L 0 852 1
10 D 216 1606 1
10 D 216 852 1
11 L 0 1328 1
11 L 0 21 1
11 D 251 1328 1
11 D 251 21 1
12 L 1 672 1
12 L 1 783 1
12 D 253 672 1
12 D 253 783 1
13 L 0 1087 1
13 L 0 1328 1
13 D 295 1087 1
13 D 295 1328 1
14 L 1 1230 1
14 L 1 593 1
14 D 296 1230 1
14 D 296 593 1
15 L 1 637 1
15 L 1 991 1
15 D 305 637 1
15 D 305 991 1
16 L 0 1894 1
16 L 0 346 1
16 D 328 1894 1
16 D 328 346 1
17 L 0 429 1
17 L 0 104 1
17 D 360 429 1
17 D 360 104 1
18 L 0 591 1
18 L 0 1836 1
18 D 367 591 1
18 D 367 1836 1
19 L 0 1765 1
19 L 0 1875 1
19 D 371 1765 1
19 D 371 1875 1
20 L 0 48 1
20 D 402 48 1
21 L 0 468 1
21 L 0 1704 1
21 D 410 468 1
21 D 410 1704 1
22 L 0 56 1
22 L 0 1203 1
22 D 429 56 1
22 D 429 1203 1
23 L 0 1034 1
23 L 0 1327 1
23 D 440 1034 1
23 D 440 1327 1
24 L 0 45 1
24 L 0 852 1
24 D 446 45 1
24 D 446 852 1
25 L 0 471 1
25 L 0 757 1
25 D 450 471 1
25 D 450 757 1
26 L 0 743 1
26 L 0 1436 1
26 D 465 743 1
26 D 465 1436 1
27 L 1 881 1
27 L 1 1855 1
27 D 471 881 1
27 D 471 1855 1
28 L 0 73 1
28 L 0 628 1
28 D 477 73 1
28 D 477 628 1
29 L 0 1061 1
29 L 0 989 1
29 D 495 1061 1
29 D 495 989 1
0 L 0 101 1
0 L 0 1617 1
0 D 520 101 1
0 D 520 1617 1
1 L 1 558 1
1 L 1 1791 1
1 D 530 558 1
1 D 530 1791 1
2 L 0 189 1
2 L 0 1860 1
2 D 532 189 1
2 D 532 1860 1
3 L 0 908 1
3 L 0 342 1
3 D 536 908 1
3 D 536 342 1
4 L 0 1818 1
4 L 0 266 1
4 D 560 1818 1
4 D 560 266 1
5 L 0 486 1
5 L 0 1329 1
5 D 572 486 1
5 D 572 1329 1
6 L 0 1270 1
6 L 0 1329 1
6 D 634 1270 1
6 D 634 1329 1
7 L 0 564 1
7 L 0 975 1
7 D 649 564 1
7 D 649 975 1
8 L 0 1491 1
8 L 0 375 1
8 D 654 1491 1
8 D 654 375 1
9 L 0 1013 1
9 L 0 1313 1
9 D 682 1013 1
9 D 682 1313 1
10 L 0 1666 1
10 L 0 1410 1
10 D 731 1666 1
10 D 731 1410 1
11 L 0 1173 1
11 L 0 852 1
11 D 745 1173 1
11 D 745 852 1
12 L 0 1677 1
12 L 0 900 1
12 D 768 1677 1
12 D 768 900 1
13 L 0 590 1
13 L 0 1888 1
13 D 776 590 1
13 D 776 1888 1
14 L 0 1029 1
14 L 0 1101 1
14 D 782 1029 1
14 D 782 1101 1
15 L 0 898 1
15 L 0 335 1
15 D 822 898 1
15 D 822 335 1
16 L 1 1508 1
16 L 1 403 1
16 D 823 1508 1
16 D 823 403 1
17 L 2 1276 1
17 L 2 435 1
17 D 827 1276 1
17 D 827 435 1
18 L 0 1441 1
18 L 0 1764 1
18 D 831 1441 1
18 D 831 1764 1
19 L 0 1300 1
19 L 0 508 1
19 D 838 1300 1
19 D 838 508 1
20 L 0 1554 1
20 L 0 159 1
20 D 846 1554 1
20 D 846 159 1
21 L 1 121 1
21 L 1 1022 1
21 D 847 121 1
21 D 847 1022 1
22 L 0 1348 1
22 L 0 647 1
22 D 849 1348 1
22 D 849 647 1
23 L 0 1508 1
23 L 0 1653 1
23 D 858 1508 1
23 D 858 1653 1
24 L 0 35 1
24 L 0 1406 1
24 D 862 35 1
24 D 862 1406 1
25 L 0 1197 1
25 L 0 420 1
25 D 873 1197 1
25 D 873 420 1
26 L 0 392 1
26 L 0 549 1
26 D 884 392 1
26 D 884 549 1
27 L 2 1972 1
27 L 2 1106 1
27 D 887 1972 1
27 D 887 1106 1
28 L 0 1359 1
28 L 0 1864 1
28 D 921 1359 1
28 D 921 1864 1
29 L 0 1010 1
29 L 0 100 1
29 D 957 1010 1
29 D 957 100 1
0 L 0 639 1
0 L 0 1231 1
0 D 963 639 1
0 D 963 1231 1
1 L 1 54 1
1 L 1 1571 1
1 D 975 54 1
1 D 975 1571 1
2 L 0 773 1
2 L 0 1464 1
2 D 999 773 1
2 D 999 1464 1
3 L 1 264 1
3 L 1 142 1
3 L 1 808 1
3 D 7 264 1
3 D 7 142 1
3 D 7 808 1
4 L 1 979 1
4 L 1 1597 1
4 L 1 445 1
4 D 24 979 1
4 D 24 1597 1
4 D 24 445 1
5 L 0 68 1
5 L 0 1762 1
5 L 0 1490 1
5 D 38 68 1
5 D 38 1762 1
5 D 38 1490 1
6 L 0 1584 1
6 L 0 1525 1
6 L 0 688 1
6 D 43 1584 1
6 D 43 1525 1
6 D 43 688 1
7 L 0 1095 1
7 L 0 1785 1
7 D 48 1095 1
7 D 48 1785 1
8 L 8 1903 1
8 L 8 1840 1
8 L 8 271 1
8 D 55 1903 1
8 D 55 1840 1
8 D 55 271 1
9 L 0 1118 1
9 L 0 1234 1
9 L 0 139 1
9 D 80 1118 1
9 D 80 1234 1
9 D 80 139 1
10 L 2 1803 1
10 L 2 1201 1
10 D 91 1803 1
10 D 91 1201 1
11 L 0 1437 1
11 L 0 303 1
11 L 0 1438 1
11 D 103 1437 1
11 D 103 303 1
11 D 103 1438 1
12 L 0 913 1
12 L 0 1304 1
12 D 106 913 1
12 D 106 1304 1
13 L 0 1863 1
13 L 0 634 1
13 L 0 290 1
13 D 112 1863 1
13 D 112 634 1
13 D 112 290 1
14 L 0 239 1
14 L 0 1305 1
14 D 117 239 1
14 D 117 1305 1
15 L 0 736 1
15 L 0 1025 1
15 L 0 1166 1
15 D 129 736 1
15 D 129 1025 1
15 D 129 1166 1
16 L 0 172 1
16 L 0 159 1
16 L 0 1779 1
16 D 139 172 1
16 D 139 159 1
16 D 139 1779 1
17 L 0 1929 1
17 L 0 1890 1
17 L 0 1495 1
17 D 141 1929 1
17 D 141 1890 1
17 D 141 1495 1
18 L 0 8 1
18 L 0 1476 1
18 L 0 1449 1
18 D 144 8 1
18 D 144 1476 1
18 D 144 1449 1
19 L 0 488 1
19 L 0 901 1
19 L 0 459 1
19 D 157 488 1
19 D 157 901 1
19 D 157 459 1
20 L 0 409 1
20 L 0 95 1
20 L 0 975 1
20 D 175 409 1
20 D 175 95 1
20 D 175 975 1
21 L 0 1003 1
21 L 0 553 1
21 D 176 1003 1
21 D 176 553 1
22 L 1 929 1
22 L 1 1456 1
22 D 201 929 1
22 D 201 1456 1
23 L 1 1183 1
23 L 1 1047 1
23 L 1 1841 1
23 D 202 1183 1
23 D 202 1047 1
23 D 202 1841 1
24 L 0 926 1
24 L 0 1969 1
24 L 0 629 1
24 D 213 926 1
24 D 213 1969 1
24 D 213 629 1
25 L 1 1512 1
25 L 1 1875 1
25 L 1 1282 1
25 D 215 1512 1
25 D 215 1875 1
25 D 215 1282 1
26 L 0 1209 1
26 L 0 1287 1
26 D 220 1209 1
26 D 220 1287 1
27 L 1 1005 1
27 L 1 588 1
27 L 1 488 1
27 D 221 1005 1
27 D 221 588 1
27 D 221 488 1
28 L 0 1250 1
28 L 0 572 1
28 D 240 1250 1
28 D 240 572 1
29 L 0 643 1
29 L 0 512 1
29 D 249 643 1
29 D 249 512 1
0 L 0 265 1
0 L 0 554 1
0 D 250 265 1
0 D 250 554 1
1 L 0 1270 1
1 L 0 552 1
1 L 0 1345 1
1 D 255 1270 1
1 D 255 552 1
1 D 255 1345 1
3 L 0 626 1
3 L 0 1059 1
3 L 0 1359 1
3 D 282 626 1
3 D 282 1059 1
3 D 282 1359 1
4 L 0 1097 1
4 L 0 1536 1
4 D 285 1097 1
4 D 285 1536 1
5 L 3 1825 1
5 L 3 142 1
5 L 3 1165 1
5 D 288 1825 1
5 D 288 142 1
5 D 288 1165 1
6 L 1 8 1
6 L 1 622 1
6 L 1 270 1
6 D 300 8 1
6 D 300 622 1
6 D 300 270 1
7 L 0 1464 1
7 L 0 1147 1
7 L 0 1643 1
7 D 303 1464 1
7 D 303 1147 1
7 D 303 1643 1
8 L 1 1022 1
8 L 1 1857 1
8 L 1 1158 1
8 D 310 1022 1
8 D 310 1857 1
8 D 310 1158 1
9 L 0 153 1
9 L 0 1508 1
9 L 0 26 1
9 D 323 153 1
9 D 323 1508 1
9 D 323 26 1
10 L 0 1681 1
10 L 0 747 1
10 D 326 1681 1
10 D 326 747 1
11 L 0 1765 1
11 L 0 1640 1
11 L 0 1590 1
11 D 332 1765 1
11 D 332 1640 1
11 D 332 1590 1
12 L 0 1028 1
12 L 0 631 1
12 L 0 800 1
12 D 335 1028 1
12 D 335 631 1
12 D 335 800 1
13 L 0 1355 1
13 L 0 28 1
13 L 0 1643 1
13 D 336 1355 1
13 D 336 28 1
13 D 336 1643 1
14 L 0 871 1
14 L 0 1589 1
14 L 0 1016 1
14 D 337 871 1
14 D 337 1589 1
14 D 337 1016 1
15 L 0 1464 1
15 L 0 688 1
15 L 0 1520 1
15 D 352 1464 1
15 D 352 688 1
15 D 352 1520 1
16 L 7 1912 1
16 L 7 1863 1
16 D 361 1912 1
16 D 361 1863 1
17 L 0 421 1
17 L 0 1580 1
17 D 412 421 1
17 D 412 1580 1
18 L 0 1420 1
18 L 0 1285 1
18 L 0 1277 1
18 D 425 1420 1
18 D 425 1285 1
18 D 425 1277 1
19 L 0 748 1
19 L 0 1737 1
19 L 0 105 1
19 D 435 748 1
19 D 435 1737 1
19 D 435 105 1
20 L 1 362 1
20 L 1 1762 1
20 D 438 362 1
20 D 438 1762 1
21 L 0 83 1
21 L 0 1064 1
21 D 474 83 1
21 D 474 1064 1
22 L 1 83 1
22 L 1 1562 1
22 L 1 632 1
22 D 480 83 1
22 D 480 1562 1
22 D 480 632 1
23 L 3 265 1
23 L 3 1542 1
23 L 3 586 1
23 D 482 265 1
23 D 482 1542 1
23 D 482 586 1
25 L 1 427 1
25 L 1 852 1
25 D 505 427 1
25 D 505 852 1
26 L 0 1103 1
26 L 0 644 1
26 D 510 1103 1
26 D 510 644 1
27 L 0 558 1
27 L 0 850 1
27 D 514 558 1
27 D 514 850 1
28 L 3 886 1
28 L 3 1894 1
28 L 3 989 1
28 D 518 886 1
28 D 518 1894 1
28 D 518 989 1
29 L 1 1209 1
29 D 522 1209 1
0 L 1 807 1
0 L 1 1094 1
0 D 525 807 1
0 D 525 1094 1
1 L 0 114 1
1 L 0 338 1
1 D 540 114 1
1 D 540 338 1
2 L 1 1572 1
2 L 1 1447 1
2 D 546 1572 1
2 D 546 1447 1
3 L 0 352 1
3 L 0 104 1
3 L 0 1434 1
3 D 557 352 1
3 D 557 104 1
3 D 557 1434 1
4 L 1 957 1
4 L 1 1393 1
4 D 564 957 1
4 D 564 1393 1
5 L 0 1601 1
5 L 0 1670 1
5 L 0 1782 1
5 D 575 1601 1
5 D 575 1670 1
5 D 575 1782 1
6 L 1 320 1
6 D 591 320 1
7 L 1 1617 1
7 L 1 1094 1
7 L 1 1356 1
7 D 595 1617 1
7 D 595 1094 1
7 D 595 1356 1
8 L 0 419 1
8 L 0 455 1
8 D 604 419 1
8 D 604 455 1
9 L 0 1993 1
9 L 0 1843 1
9 L 0 1545 1
9 D 609 1993 1
9 D 609 1843 1
9 D 609 1545 1
10 L 0 1305 1
10 L 0 1993 1
10 L 0 1159 1
10 D 625 1305 1
10 D 625 1993 1
10 D 625 1159 1
11 L 0 998 1
11 L 0 1383 1
11 L 0 837 1
11 D 638 998 1
11 D 638 1383 1
11 D 638 837 1
12 L 0 725 1
12 L 0 1125 1
12 L 0 1009 1
12 D 655 725 1
12 D 655 1125 1
12 D 655 1009 1
13 L 2 362 1
13 L 2 1 1
13 D 658 362 1
13 D 658 1 1
14 L 0 398 1
14 L 0 1902 1
14 D 659 398 1
14 D 659 1902 1
15 L 0 1527 1
15 L 0 631 1
15 L 0 834 1
15 D 680 1527 1
15 D 680 631 1
15 D 680 834 1
16 L 1 1407 1
16 L 1 23 1
16 D 687 1407 1
16 D 687 23 1
17 L 1 242 1
17 L 1 983 1
17 L 1 77 1
17 D 704 242 1
17 D 704 983 1
17 D 704 77 1
18 L 0 806 1
18 L 0 1962 1
18 D 711 806 1
18 D 711 1962 1
19 L 1 1652 1
19 D 714 1652 1
20 L 7 725 1
20 L 7 1090 1
20 L 7 1220 1
20 D 722 725 1
20 D 722 1090 1
20 D 722 1220 1
21 L 1 880 1
21 L 1 1751 1
21 L 1 281 1
21 D 723 880 1
21 D 723 1751 1
21 D 723 281 1
22 L 0 287 1
22 L 0 461 1
22 L 0 346 1
22 D 727 287 1
22 D 727 461 1
22 D 727 346 1
23 L 0 471 1
23 L 0 382 1
23 L 0 96 1
23 D 729 471 1
23 D 729 382 1
23 D 729 96 1
24 L 0 1024 1
24 L 0 1713 1
24 L 0 1499 1
24 D 744 1024 1
24 D 744 1713 1
24 D 744 1499 1
25 L 0 429 1
25 L 0 1334 1
25 L 0 1647 1
25 D 748 429 1
25 D 748 1334 1
25 D 748 1647 1
27 L 1 1274 1
27 L 1 542 1
27 D 759 1274 1
27 D 759 542 1
28 L 0 953 1
28 L 0 1138 1
28 L 0 1866 1
28 D 765 953 1
28 D 765 1138 1
28 D 765 1866 1
29 L 0 678 1
29 L 0 567 1
29 D 769 678 1
29 D 769 567 1
0 L 0 475 1
0 L 0 433 1
0 L 0 1375 1
0 D 770 475 1
0 D 770 433 1
0 D 770 1375 1
1 L 1 1764 1
1 L 1 413 1
1 L 1 1547 1
1 D 786 1764 1
1 D 786 413 1
1 D 786 1547 1
2 L 0 917 1
2 L 0 780 1
2 D 789 917 1
2 D 789 780 1
3 L 0 454 1
3 L 0 171 1
3 L 0 356 1
3 D 797 454 1
3 D 797 171 1
3 D 797 356 1
4 L 1 958 1
4 L 1 1482 1
4 L 1 1945 1
4 D 798 958 1
4 D 798 1482 1
4 D 798 1945 1
5 L 0 153 1
5 L 0 270 1
5 D 866 153 1
5 D 866 270 1
6 L 1 1887 1
6 L 1 1306 1
6 L 1 1354 1
6 D 883 1887 1
6 D 883 1306 1
6 D 883 1354 1
7 L 0 1075 1
7 L 0 859 1
7 D 896 1075 1
7 D 896 859 1
8 L 0 164 1
8 L 0 977 1
8 D 897 164 1
8 D 897 977 1
9 L 0 1321 1
9 L 0 1492 1
9 D 906 1321 1
9 D 906 1492 1
10 L 1 1264 1
10 L 1 97 1
10 L 1 576 1
10 D 911 1264 1
10 D 911 97 1
10 D 911 576 1
11 L 1 893 1
11 L 1 1049 1
11 D 924 893 1
11 D 924 1049 1
12 L 1 468 1
12 L 1 1467 1
12 D 926 468 1
12 D 926 1467 1
13 L 0 1204 1
13 L 0 1962 1
13 L 0 1789 1
13 D 940 1204 1
13 D 940 1962 1
13 D 940 1789 1
14 L 0 370 1
14 L 0 1853 1
14 L 0 1449 1
14 D 941 370 1
14 D 941 1853 1
14 D 941 1449 1
15 L 1 265 1
15 L 1 1969 1
15 L 1 1025 1
15 D 943 265 1
15 D 943 1969 1
15 D 943 1025 1
16 L 0 836 1
16 L 0 1505 1
16 L 0 763 1
16 D 949 836 1
16 D 949 1505 1
16 D 949 763 1
17 L 1 71 1
17 L 1 1019 1
17 L 1 1014 1
17 D 955 71 1
17 D 955 1019 1
17 D 955 1014 1
18 L 0 628 1
18 L 0 94 1
18 L 0 901 1
18 D 973 628 1
18 D 973 94 1
18 D 973 901 1
19 L 5 951 1
19 L 5 1147 1
19 D 979 951 1
19 D 979 1147 1
20 L 0 732 1
20 L 0 1626 1
20 D 981 732 1
20 D 981 1626 1
21 L 0 1638 1
21 L 0 412 1
21 L 0 1888 1
21 D 984 1638 1
21 D 984 412 1
21 D 984 1888 1
22 L 0 1127 1
22 L 0 1896 1
22 L 0 1541 1
22 D 993 1127 1
22 D 993 1896 1
22 D 993 1541 1
23 L 0 399 1
23 L 0 1759 1
23 L 0 552 1
23 D 998 399 1
23 D 998 1759 1
23 D 998 552 1
24 L 4 723 1
24 L 4 1717 1
24 L 4 409 1
24 D 17 723 1
24 D 17 1717 1
24 D 17 409 1
25 L 0 1462 1
25 L 0 1387 1
25 L 0 573 1
25 L 0 1990 1
25 D 21 1462 1
25 D 21 1387 1
25 D 21 573 1
25 D 21 1990 1
26 L 0 1050 1
26 L 0 1789 1
26 L 0 668 1
26 L 0 848 1
26 D 34 1050 1
26 D 34 1789 1
26 D 34 668 1
26 D 34 848 1
27 L 1 725 1
27 L 1 1936 1
27 L 1 185 1
27 L 1 1822 1
27 D 37 725 1
27 D 37 1936 1
27 D 37 185 1
27 D 37 1822 1
28 L 1 1092 1
28 L 1 877 1
28 L 1 122 1
28 L 1 640 1
28 D 50 1092 1
28 D 50 877 1
28 D 50 122 1
28 D 50 640 1
29 L 1 1230 1
29 L 1 713 1
29 L 1 477 1
29 D 62 1230 1
29 D 62 713 1
29 D 62 477 1
0 L 0 1915 1
0 L 0 1606 1
0 L 0 649 1
0 D 66 1915 1
0 D 66 1606 1
0 D 66 649 1
1 L 0 1097 1
1 L 0 512 1
1 L 0 338 1
1 D 67 1097 1
1 D 67 512 1
1 D 67 338 1
2 L 0 1108 1
2 L 0 587 1
2 L 0 974 1
2 D 70 1108 1
2 D 70 587 1
2 D 70 974 1
3 L 0 675 1
3 L 0 1561 1
3 L 0 724 1
3 D 74 675 1
3 D 74 1561 1
3 D 74 724 1
4 L 0 54 1
4 L 0 794 1
4 L 0 1451 1
4 D 77 54 1
4 D 77 794 1
4 D 77 1451 1
5 L 7 1912 1
5 L 7 218 1
5 L 7 806 1
5 D 87 1912 1
5 D 87 218 1
5 D 87 806 1
6 L 0 790 1
6 L 0 1886 1
6 L 0 1988 1
6 D 105 790 1
6 D 105 1886 1
6 D 105 1988 1
7 L 0 1641 1
7 L 0 1653 1
7 L 0 1786 1
7 D 108 1641 1
7 D 108 1653 1
7 D 108 1786 1
8 L 0 1916 1
8 L 0 422 1
8 L 0 1368 1
8 D 126 1916 1
8 D 126 422 1
8 D 126 1368 1
9 L 3 704 1
9 L 3 723 1
9 L 3 476 1
9 D 132 704 1
9 D 132 723 1
9 D 132 476 1
10 L 0 252 1
10 L 0 764 1
10 L 0 270 1
10 D 146 252 1
10 D 146 764 1
10 D 146 270 1
11 L 2 541 1
11 L 2 1939 1
11 L 2 1277 1
11 D 167 541 1
11 D 167 1939 1
11 D 167 1277 1
12 L 1 731 1
12 L 1 31 1
12 D 172 731 1
12 D 172 31 1
13 L 0 41 1
13 L 0 1453 1
13 L 0 966 1
13 D 195 41 1
13 D 195 1453 1
13 D 195 966 1
14 L 0 920 1
14 L 0 397 1
14 L 0 1124 1
14 L 0 5 1
14 D 206 920 1
14 D 206 397 1
14 D 206 1124 1
14 D 206 5 1
15 L 0 1881 1
15 L 0 816 1
15 L 0 992 1
15 L 0 162 1
15 D 209 1881 1
15 D 209 816 1
15 D 209 992 1
15 D 209 162 1
16 L 0 421 1
16 L 0 1380 1
16 L 0 466 1
16 D 214 421 1
16 D 214 1380 1
16 D 214 466 1
17 L 0 1230 1
17 L 0 1024 1
17 L 0 1601 1
17 L 0 918 1
17 D 234 1230 1
17 D 234 1024 1
17 D 234 1601 1
17 D 234 918 1
18 L 0 1599 1
18 L 0 429 1
18 D 252 1599 1
18 D 252 429 1
19 L 0 1209 1
19 D 256 1209 1
20 L 1 652 1
20 L 1 1886 1
20 L 1 1482 1
20 D 268 652 1
20 D 268 1886 1
20 D 268 1482 1
21 L 0 674 1
21 L 0 277 1
21 D 269 674 1
21 D 269 277 1
22 L 0 1108 1
22 L 0 1635 1
22 L 0 534 1
22 D 281 1108 1
22 D 281 1635 1
22 D 281 534 1
23 L 2 1948 1
23 L 2 856 1
23 D 297 1948 1
23 D 297 856 1
24 L 4 1877 1
24 L 4 52 1
24 L 4 77 1
24 D 299 1877 1
24 D 299 52 1
24 D 299 77 1
25 L 0 167 1
25 L 0 456 1
25 D 304 167 1
25 D 304 456 1
26 L 0 1595 1
26 L 0 1875 1
26 L 0 1094 1
26 D 308 1595 1
26 D 308 1875 1
26 D 308 1094 1
27 L 2 1137 1
27 L 2 578 1
27 D 311 1137 1
27 D 311 578 1
28 L 1 1221 1
28 L 1 1923 1
28 L 1 421 1
28 D 322 1221 1
28 D 322 1923 1
28 D 322 421 1
29 L 0 388 1
29 L 0 1703 1
29 L 0 1415 1
29 D 324 388 1
29 D 324 1703 1
29 D 324 1415 1
0 L 0 1225 1
0 L 0 1056 1
0 L 0 1966 1
0 L 0 1025 1
0 D 329 1225 1
0 D 329 1056 1
0 D 329 1966 1
0 D 329 1025 1
1 L 1 1061 1
1 L 1 1455 1
1 L 1 1192 1
1 L 1 1960 1
1 D 345 1061 1
1 D 345 1455 1
1 D 345 1192 1
1 D 345 1960 1
2 L 0 1300 1
2 L 0 1691 1
2 L 0 1893 1
2 L 0 1888 1
2 D 363 1300 1
2 D 363 1691 1
2 D 363 1893 1
2 D 363 1888 1
3 L 1 653 1
3 L 1 812 1
3 L 1 1981 1
3 L 1 1558 1
3 D 368 653 1
3 D 368 812 1
3 D 368 1981 1
3 D 368 1558 1
4 L 0 1023 1
4 L 0 1714 1
4 L 0 1667 1
4 L 0 129 1
4 D 373 1023 1
4 D 373 1714 1
4 D 373 1667 1
4 D 373 129 1
5 L 0 1830 1
5 L 0 1447 1
5 D 382 1830 1
5 D 382 1447 1
6 L 1 1370 1
6 L 1 600 1
6 L 1 1002 1
6 D 389 1370 1
6 D 389 600 1
6 D 389 1002 1
7 L 2 247 1
7 L 2 1673 1
7 L 2 1843 1
7 L 2 1755 1
7 D 391 247 1
7 D 391 1673 1
7 D 391 1843 1
7 D 391 1755 1
8 L 0 523 1
8 L 0 795 1
8 L 0 25 1
8 D 395 523 1
8 D 395 795 1
8 D 395 25 1
9 L 1 1811 1
9 L 1 1297 1
9 D 403 1811 1
9 D 403 1297 1
10 L 0 1596 1
10 L 0 11 1
10 L 0 996 1
10 L 0 162 1
10 D 411 1596 1
10 D 411 11 1
10 D 411 996 1
10 D 411 162 1
11 L 0 97 1
11 L 0 1955 1
11 L 0 954 1
11 D 436 97 1
11 D 436 1955 1
11 D 436 954 1
12 L 0 1200 1
12 L 0 1383 1
12 L 0 948 1
12 D 439 1200 1
12 D 439 1383 1
12 D 439 948 1
13 L 1 1897 1
13 L 1 1227 1
13 D 442 1897 1
13 D 442 1227 1
14 L 0 71 1
14 L 0 153 1
14 L 0 1884 1
14 D 443 71 1
14 D 443 153 1
14 D 443 1884 1
15 L 0 1897 1
15 L 0 691 1
15 L 0 1173 1
15 D 447 1897 1
15 D 447 691 1
15 D 447 1173 1
16 L 4 1126 1
16 L 4 1495 1
16 L 4 1966 1
16 L 4 124 1
16 D 452 1126 1
16 D 452 1495 1
16 D 452 1966 1
16 D 452 124 1
17 L 0 481 1
17 L 0 413 1
17 L 0 1490 1
17 L 0 1515 1
17 D 464 481 1
17 D 464 413 1
17 D 464 1490 1
17 D 464 1515 1
18 L 0 879 1
18 L 0 465 1
18 D 468 879 1
18 D 468 465 1
19 L 0 1527 1
19 L 0 841 1
19 L 0 1441 1
19 L 0 1756 1
19 D 472 1527 1
19 D 472 841 1
19 D 472 1441 1
19 D 472 1756 1
20 L 1 1220 1
20 L 1 911 1
20 L 1 1950 1
20 D 487 1220 1
20 D 487 911 1
20 D 487 1950 1
21 L 0 1598 1
21 L 0 1738 1
21 L 0 1643 1
21 D 507 1598 1
21 D 507 1738 1
21 D 507 1643 1
22 L 0 512 1
22 L 0 216 1
22 L 0 1608 1
22 L 0 278 1
22 D 512 512 1
22 D 512 216 1
22 D 512 1608 1
22 D 512 278 1
23 L 0 71 1
23 L 0 1093 1
23 L 0 832 1
23 D 527 71 1
23 D 527 1093 1
23 D 527 832 1
24 L 0 857 1
24 L 0 1050 1
24 L 0 1538 1
24 D 529 857 1
24 D 529 1050 1
24 D 529 1538 1
25 L 0 1384 1
25 L 0 1672 1
25 L 0 1913 1
25 D 551 1384 1
25 D 551 1672 1
25 D 551 1913 1
26 L 0 422 1
26 L 0 1260 1
26 L 0 406 1
26 D 552 422 1
26 D 552 1260 1
26 D 552 406 1
27 L 0 790 1
27 L 0 463 1
27 L 0 896 1
27 D 555 790 1
27 D 555 463 1
27 D 555 896 1
28 L 0 421 1
28 L 0 1898 1
28 L 0 238 1
28 D 565 421 1
28 D 565 1898 1
28 D 565 238 1
29 L 2 96 1
29 L 2 837 1
29 L 2 478 1
29 D 579 96 1
29 D 579 837 1
29 D 579 478 1
0 L 2 1408 1
0 L 2 1482 1
0 D 581 1408 1
0 D 581 1482 1
1 L 0 713 1
1 L 0 1164 1
1 D 620 713 1
1 D 620 1164 1
2 L 0 1530 1
2 L 0 703 1
2 D 648 1530 1
2 D 648 703 1
3 L 1 437 1
3 L 1 597 1
3 L 1 720 1
3 D 656 437 1
3 D 656 597 1
3 D 656 720 1
4 L 0 1163 1
4 L 0 1765 1
4 L 0 1617 1
4 L 0 970 1
4 D 660 1163 1
4 D 660 1765 1
4 D 660 1617 1
4 D 660 970 1
5 L 2 1601 1
5 L 2 1265 1
5 L 2 1070 1
5 D 699 1601 1
5 D 699 1265 1
5 D 699 1070 1
6 L 3 158 1
6 L 3 1409 1
6 L 3 483 1
6 L 3 1843 1
6 D 707 158 1
6 D 707 1409 1
6 D 707 483 1
6 D 707 1843 1
7 L 0 1303 1
7 L 0 1264 1
7 L 0 1482 1
7 D 718 1303 1
7 D 718 1264 1
7 D 718 1482 1
8 L 2 841 1
8 L 2 97 1
8 L 2 1075 1
8 L 2 1101 1
8 D 726 841 1
8 D 726 97 1
8 D 726 1075 1
8 D 726 1101 1
9 L 1 1008 1
9 L 1 1087 1
9 L 1 1089 1
9 D 734 1008 1
9 D 734 1087 1
9 D 734 1089 1
10 L 4 967 1
10 L 4 1829 1
10 L 4 20 1
10 D 736 967 1
10 D 736 1829 1
10 D 736 20 1
11 L 0 1617 1
11 L 0 1658 1
11 L 0 1880 1
11 D 750 1617 1
11 D 750 1658 1
11 D 750 1880 1
12 L 1 507 1
12 L 1 720 1
12 L 1 1053 1
12 D 752 507 1
12 D 752 720 1
12 D 752 1053 1
13 L 0 988 1
13 L 0 312 1
13 D 754 988 1
13 D 754 312 1
14 L 0 1200 1
14 L 0 772 1
14 L 0 1287 1
14 D 775 1200 1
14 D 775 772 1
14 D 775 1287 1
15 L 0 48 1
15 L 0 1002 1
15 D 777 48 1
15 D 777 1002 1
16 L 0 1034 1
16 L 0 27 1
16 L 0 235 1
16 L 0 907 1
16 D 791 1034 1
16 D 791 27 1
16 D 791 235 1
16 D 791 907 1
17 L 0 863 1
17 L 0 384 1
17 L 0 1536 1
17 D 802 863 1
17 D 802 384 1
17 D 802 1536 1
18 L 0 1333 1
18 L 0 1154 1
18 L 0 1489 1
18 D 804 1333 1
18 D 804 1154 1
18 D 804 1489 1
19 L 1 184 1
19 L 1 1433 1
19 L 1 1530 1
19 L 1 534 1
19 D 811 184 1
19 D 811 1433 1
19 D 811 1530 1
19 D 811 534 1
20 L 0 1435 1
20 L 0 1816 1
20 D 812 1435 1
20 D 812 1816 1
21 L 8 1149 1
21 L 8 1332 1
21 D 813 1149 1
21 D 813 1332 1
22 L 2 1732 1
22 L 2 488 1
22 D 814 1732 1
22 D 814 488 1
23 L 3 737 1
23 L 3 953 1
23 L 3 1100 1
23 D 820 737 1
23 D 820 953 1
23 D 820 1100 1
24 L 2 1938 1
24 D 851 1938 1
25 L 1 1529 1
25 L 1 479 1
25 L 1 931 1
25 L 1 837 1
25 D 861 1529 1
25 D 861 479 1
25 D 861 931 1
25 D 861 837 1
26 L 1 836 1
26 L 1 1176 1
26 L 1 1777 1
26 D 882 836 1
26 D 882 1176 1
26 D 882 1777 1
27 L 0 1830 1
27 L 0 1091 1
27 L 0 26 1
27 D 888 1830 1
27 D 888 1091 1
27 D 888 26 1
28 L 3 1075 1
28 L 3 144 1
28 L 3 1447 1
28 D 907 1075 1
28 D 907 144 1
28 D 907 1447 1
29 L 0 696 1
29 L 0 1042 1
29 L 0 520 1
29 D 913 696 1
29 D 913 1042 1
29 D 913 520 1
0 L 0 820 1
0 L 0 659 1
0 L 0 1052 1
0 D 935 820 1
0 D 935 659 1
0 D 935 1052 1
1 L 1 1532 1
1 L 1 1828 1
1 L 1 105 1
1 D 939 1532 1
1 D 939 1828 1
1 D 939 105 1
2 L 0 917 1
2 L 0 1628 1
2 D 961 917 1
2 D 961 1628 1
3 L 4 352 1
3 L 4 334 1
3 L 4 1037 1
3 L 4 848 1
3 D 962 352 1
3 D 962 334 1
3 D 962 1037 1
3 D 962 848 1
4 L 0 1098 1
4 L 0 1903 1
4 L 0 509 1
4 D 976 1098 1
4 D 976 1903 1
4 D 976 509 1
5 L 2 1938 1
5 L 2 1818 1
5 L 2 1715 1
5 D 982 1938 1
5 D 982 1818 1
5 D 982 1715 1
6 L 1 1771 1
6 L 1 343 1
6 D 991 1771 1
6 D 991 343 1
7 L 0 1863 1
7 L 0 1084 1
7 L 0 1204 1
7 L 0 488 1
7 D 5 1863 1
7 D 5 1084 1
7 D 5 1204 1
7 D 5 488 1
8 L 2 1013 1
8 L 2 164 1
8 L 2 491 1
8 D 54 1013 1
8 D 54 164 1
8 D 54 491 1
9 L 2 1580 1
9 L 2 1265 1
9 L 2 1482 1
9 D 64 1580 1
9 D 64 1265 1
9 D 64 1482 1
10 L 2 1901 1
10 L 2 1723 1
10 D 78 1901 1
10 D 78 1723 1
11 L 0 1870 1
11 L 0 1638 1
11 L 0 806 1
11 L 0 764 1
11 D 92 1870 1
11 D 92 1638 1
11 D 92 806 1
11 D 92 764 1
12 L 1 723 1
12 L 1 533 1
12 L 1 96 1
12 L 1 1001 1
12 D 93 723 1
12 D 93 533 1
12 D 93 96 1
12 D 93 1001 1
13 L 4 1416 1
13 L 4 653 1
13 L 4 1713 1
13 D 97 1416 1
13 D 97 653 1
13 D 97 1713 1
14 L 2 1023 1
14 L 2 314 1
14 L 2 856 1
14 D 99 1023 1
14 D 99 314 1
14 D 99 856 1
15 L 2 196 1
15 L 2 1907 1
15 L 2 1125 1
15 D 111 196 1
15 D 111 1907 1
15 D 111 1125 1
16 L 1 360 1
16 L 1 1395 1
16 L 1 1580 1
16 D 119 360 1
16 D 119 1395 1
16 D 119 1580 1
17 L 0 362 1
17 L 0 419 1
17 D 121 362 1
17 D 121 419 1
18 L 0 1771 1
18 L 0 1839 1
18 L 0 438 1
18 D 137 1771 1
18 D 137 1839 1
18 D 137 438 1
19 L 7 1886 1
19 L 7 343 1
19 L 7 1054 1
19 D 159 1886 1
19 D 159 343 1
19 D 159 1054 1
20 L 5 351 1
20 L 5 1371 1
20 D 162 351 1
20 D 162 1371 1
21 L 0 141 1
21 L 0 827 1
21 L 0 1049 1
21 D 169 141 1
21 D 169 827 1
21 D 169 1049 1
22 L 2 525 1
22 L 2 600 1
22 D 183 525 1
22 D 183 600 1
23 L 5 1584 1
23 L 5 904 1
23 L 5 926 1
23 D 187 1584 1
23 D 187 904 1
23 D 187 926 1
24 L 0 713 1
24 L 0 872 1
24 D 189 713 1
24 D 189 872 1
25 L 1 872 1
25 L 1 1906 1
25 L 1 1602 1
25 L 1 687 1
25 D 194 872 1
25 D 194 1906 1
25 D 194 1602 1
25 D 194 687 1
26 L 0 1599 1
26 L 0 80 1
26 L 0 854 1
26 D 203 1599 1
26 D 203 80 1
26 D 203 854 1
27 L 0 1527 1
27 L 0 1523 1
27 L 0 537 1
27 L 0 764 1
27 D 210 1527 1
27 D 210 1523 1
27 D 210 537 1
27 D 210 764 1
28 L 0 324 1
28 L 0 719 1
28 L 0 1715 1
28 D 227 324 1
28 D 227 719 1
28 D 227 1715 1
29 L 0 184 1
29 L 0 499 1
29 L 0 970 1
29 D 229 184 1
29 D 229 499 1
29 D 229 970 1
0 L 4 1923 1
0 L 4 1323 1
0 L 4 1878 1
0 D 242 1923 1
0 D 242 1323 1
0 D 242 1878 1
1 L 0 1230 1
1 L 0 953 1
1 L 0 904 1
1 L 0 509 1
1 L 0 441 1
1 D 246 1230 1
1 D 246 953 1
1 D 246 904 1
1 D 246 509 1
1 D 246 441 1
2 L 1 1595 1
2 L 1 1149 1
2 L 1 6 1
2 L 1 460 1
2 D 261 1595 1
2 D 261 1149 1
2 D 261 6 1
2 D 261 460 1
3 L 1 1526 1
3 L 1 499 1
3 L 1 58 1
3 D 263 1526 1
3 D 263 499 1
3 D 263 58 1
4 L 4 528 1
4 L 4 1817 1
4 L 4 308 1
4 D 272 528 1
4 D 272 1817 1
4 D 272 308 1
5 L 1 794 1
5 L 1 1033 1
5 L 1 1637 1
5 D 275 794 1
5 D 275 1033 1
5 D 275 1637 1
6 L 0 1484 1
6 L 0 929 1
6 D 276 1484 1
6 D 276 929 1
7 L 1 1366 1
7 L 1 1868 1
7 L 1 1163 1
7 D 277 1366 1
7 D 277 1868 1
7 D 277 1163 1
8 L 1 1462 1
8 L 1 372 1
8 L 1 1625 1
8 L 1 1807 1
8 D 283 1462 1
8 D 283 372 1
8 D 283 1625 1
8 D 283 1807 1
9 L 1 759 1
9 L 1 1839 1
9 L 1 1482 1
9 L 1 1341 1
9 D 291 759 1
9 D 291 1839 1
9 D 291 1482 1
9 D 291 1341 1
10 L 3 1186 1
10 L 3 1715 1
10 L 3 275 1
10 L 3 191 1
10 D 302 1186 1
10 D 302 1715 1
10 D 302 275 1
10 D 302 191 1
11 L 0 1830 1
11 L 0 392 1
11 L 0 670 1
11 D 314 1830 1
11 D 314 392 1
11 D 314 670 1
12 L 0 795 1
12 L 0 44 1
12 L 0 68 1
12 D 325 795 1
12 D 325 44 1
12 D 325 68 1
13 L 2 1913 1
13 L 2 983 1
13 L 2 1455 1
13 L 2 115 1
13 D 333 1913 1
13 D 333 983 1
13 D 333 1455 1
13 D 333 115 1
14 L 2 1508 1
14 L 2 1004 1
14 L 2 1452 1
14 D 341 1508 1
14 D 341 1004 1
14 D 341 1452 1
15 L 0 1638 1
15 L 0 1420 1
15 L 0 175 1
15 D 372 1638 1
15 D 372 1420 1
15 D 372 175 1
16 L 1 1863 1
16 L 1 528 1
16 D 387 1863 1
16 D 387 528 1
17 L 1 696 1
17 L 1 1357 1
17 L 1 1057 1
17 D 423 696 1
17 D 423 1357 1
17 D 423 1057 1
18 L 0 1285 1
18 L 0 1883 1
18 L 0 921 1
18 D 432 1285 1
18 D 432 1883 1
18 D 432 921 1
19 L 0 446 1
19 L 0 1589 1
19 L 0 333 1
19 D 434 446 1
19 D 434 1589 1
19 D 434 333 1
20 L 0 218 1
20 L 0 1525 1
20 L 0 328 1
20 L 0 1633 1
20 D 469 218 1
20 D 469 1525 1
20 D 469 328 1
20 D 469 1633 1
21 L 3 759 1
21 L 3 1535 1
21 L 3 1757 1
21 D 484 759 1
21 D 484 1535 1
21 D 484 1757 1
22 L 0 1771 1
22 L 0 1098 1
22 L 0 921 1
22 D 490 1771 1
22 D 490 1098 1
22 D 490 921 1
23 L 3 1142 1
23 L 3 824 1
23 L 3 1874 1
23 D 493 1142 1
23 D 493 824 1
23 D 493 1874 1
24 L 6 8 1
24 L 6 123 1
24 L 6 975 1
24 L 6 248 1
24 D 494 8 1
24 D 494 123 1
24 D 494 975 1
24 D 494 248 1
25 L 0 643 1
25 L 0 104 1
25 L 0 1309 1
25 D 502 643 1
25 D 502 104 1
25 D 502 1309 1
26 L 2 247 1
26 L 2 1508 1
26 L 2 626 1
26 D 511 247 1
26 D 511 1508 1
26 D 511 626 1
27 L 0 1863 1
27 L 0 360 1
27 L 0 754 1
27 D 516 1863 1
27 D 516 360 1
27 D 516 754 1
28 L 1 822 1
28 L 1 29 1
28 L 1 222 1
28 D 524 822 1
28 D 524 29 1
28 D 524 222 1
29 L 0 353 1
29 L 0 628 1
29 D 534 353 1
29 D 534 628 1
0 L 3 272 1
0 L 3 1833 1
0 L 3 288 1
0 D 538 272 1
0 D 538 1833 1
0 D 538 288 1
1 L 10 904 1
1 L 10 1112 1
1 L 10 1701 1
1 D 567 904 1
1 D 567 1112 1
1 D 567 1701 1
2 L 0 704 1
2 L 0 1479 1
2 L 0 1269 1
2 L 0 1425 1
2 L 0 287 1
2 D 577 704 1
2 D 577 1479 1
2 D 577 1269 1
2 D 577 1425 1
2 D 577 287 1
3 L 0 1078 1
3 L 0 1983 1
3 L 0 1714 1
3 L 0 962 1
3 L 0 720 1
3 D 585 1078 1
3 D 585 1983 1
3 D 585 1714 1
3 D 585 962 1
3 D 585 720 1
4 L 1 484 1
4 L 1 780 1
4 L 1 1015 1
4 D 588 484 1
4 D 588 780 1
4 D 588 1015 1
5 L 2 1272 1
5 L 2 1838 1
5 D 590 1272 1
5 D 590 1838 1
6 L 1 855 1
6 L 1 560 1
6 D 593 855 1
6 D 593 560 1
7 L 9 774 1
7 L 9 695 1
7 D 598 774 1
7 D 598 695 1
8 L 0 1411 1
8 L 0 1957 1
8 L 0 755 1
8 D 613 1411 1
8 D 613 1957 1
8 D 613 755 1
9 L 0 54 1
9 L 0 1979 1
9 L 0 1411 1
9 L 0 328 1
9 L 0 1646 1
9 D 615 54 1
9 D 615 1979 1
9 D 615 1411 1
9 D 615 328 1
9 D 615 1646 1
10 L 2 1554 1
10 L 2 688 1
10 L 2 901 1
10 L 2 861 1
10 D 623 1554 1
10 D 623 688 1
10 D 623 901 1
10 D 623 861 1
11 L 0 277 1
11 L 0 639 1
11 D 624 277 1
11 D 624 639 1
12 L 1 525 1
12 L 1 1078 1
12 L 1 429 1
12 D 626 525 1
12 D 626 1078 1
12 D 626 429 1
13 L 0 1875 1
13 L 0 936 1
13 L 0 1549 1
13 D 642 1875 1
13 D 642 936 1
13 D 642 1549 1
14 L 2 348 1
14 L 2 1598 1
14 L 2 56 1
14 D 645 348 1
14 D 645 1598 1
14 D 645 56 1
15 L 1 882 1
15 L 1 1093 1
15 L 1 1482 1
15 L 1 861 1
15 D 653 882 1
15 D 653 1093 1
15 D 653 1482 1
15 D 653 861 1
16 L 0 63 1
16 L 0 719 1
16 L 0 742 1
16 L 0 1402 1
16 D 663 63 1
16 D 663 719 1
16 D 663 742 1
16 D 663 1402 1
17 L 1 1830 1
17 L 1 1911 1
17 L 1 956 1
17 D 664 1830 1
17 D 664 1911 1
17 D 664 956 1
18 L 4 741 1
18 L 4 130 1
18 L 4 278 1
18 L 4 609 1
18 D 666 741 1
18 D 666 130 1
18 D 666 278 1
18 D 666 609 1
19 L 1 34 1
19 L 1 770 1
19 L 1 1489 1
19 D 667 34 1
19 D 667 770 1
19 D 667 1489 1
20 L 1 919 1
20 L 1 505 1
20 L 1 1691 1
20 L 1 765 1
20 D 676 919 1
20 D 676 505 1
20 D 676 1691 1
20 D 676 765 1
21 L 2 18 1
21 L 2 114 1
21 L 2 1000 1
21 L 2 1977 1
21 D 683 18 1
21 D 683 114 1
21 D 683 1000 1
21 D 683 1977 1
22 L 0 1956 1
22 L 0 1936 1
22 L 0 281 1
22 L 0 89 1
22 D 693 1956 1
22 D 693 1936 1
22 D 693 281 1
22 D 693 89 1
23 L 0 118 1
23 L 0 1560 1
23 D 698 118 1
23 D 698 1560 1
24 L 0 41 1
24 L 0 996 1
24 L 0 529 1
24 D 708 41 1
24 D 708 996 1
24 D 708 529 1
25 L 2 1177 1
25 L 2 421 1
25 L 2 1433 1
25 D 716 1177 1
25 D 716 421 1
25 D 716 1433 1
26 L 0 1002 1
26 L 0 1322 1
26 L 0 958 1
26 D 730 1002 1
26 D 730 1322 1
26 D 730 958 1
27 L 0 1588 1
27 L 0 701 1
27 D 740 1588 1
27 D 740 701 1
28 L 0 1903 1
28 L 0 547 1
28 L 0 1143 1
28 D 743 1903 1
28 D 743 547 1
28 D 743 1143 1
29 L 0 172 1
29 L 0 363 1
29 L 0 720 1
29 L 0 22 1
29 D 760 172 1
29 D 760 363 1
29 D 760 720 1
29 D 760 22 1
0 L 0 1486 1
0 L 0 286 1
0 L 0 1448 1
0 D 781 1486 1
0 D 781 286 1
0 D 781 1448 1
1 L 0 1021 1
1 L 0 1037 1
1 L 0 1502 1
1 L 0 480 1
1 D 783 1021 1
1 D 783 1037 1
1 D 783 1502 1
1 D 783 480 1
2 L 0 1833 1
2 L 0 1556 1
2 L 0 701 1
2 D 790 1833 1
2 D 790 1556 1
2 D 790 701 1
3 L 0 1712 1
3 L 0 1916 1
3 L 0 1529 1
3 L 0 1433 1
3 D 794 1712 1
3 D 794 1916 1
3 D 794 1529 1
3 D 794 1433 1
4 L 0 1802 1
4 L 0 870 1
4 L 0 1250 1
4 D 795 1802 1
4 D 795 870 1
4 D 795 1250 1
5 L 1 875 1
5 L 1 421 1
5 L 1 1337 1
5 D 803 875 1
5 D 803 421 1
5 D 803 1337 1
6 L 0 1595 1
6 L 0 1243 1
6 L 0 900 1
6 D 816 1595 1
6 D 816 1243 1
6 D 816 900 1
7 L 2 1868 1
7 L 2 696 1
7 L 2 1482 1
7 L 2 1291 1
7 D 843 1868 1
7 D 843 696 1
7 D 843 1482 1
7 D 843 1291 1
8 L 1 15 1
8 L 1 918 1
8 L 1 1291 1
8 D 871 15 1
8 D 871 918 1
8 D 871 1291 1
9 L 2 1771 1
9 L 2 701 1
9 L 2 1197 1
9 D 878 1771 1
9 D 878 701 1
9 D 878 1197 1
10 L 1 666 1
10 L 1 93 1
10 L 1 1433 1
10 D 890 666 1
10 D 890 93 1
10 D 890 1433 1
11 L 2 1513 1
11 L 2 1881 1
11 L 2 1041 1
11 L 2 1289 1
11 D 898 1513 1
11 D 898 1881 1
11 D 898 1041 1
11 D 898 1289 1
12 L 1 295 1
12 L 1 468 1
12 D 901 295 1
12 D 901 468 1
13 L 0 753 1
13 L 0 1522 1
13 L 0 113 1
13 L 0 220 1
13 D 908 753 1
13 D 908 1522 1
13 D 908 113 1
13 D 908 220 1
14 L 0 75 1
14 L 0 975 1
14 D 909 75 1
14 D 909 975 1
15 L 0 1414 1
15 L 0 111 1
15 L 0 1224 1
15 L 0 119 1
15 D 912 1414 1
15 D 912 111 1
15 D 912 1224 1
15 D 912 119 1
16 L 0 748 1
16 L 0 1703 1
16 L 0 1062 1
16 L 0 1579 1
16 D 932 748 1
16 D 932 1703 1
16 D 932 1062 1
16 D 932 1579 1
17 L 0 1420 1
17 L 0 163 1
17 L 0 455 1
17 D 936 1420 1
17 D 936 163 1
17 D 936 455 1
18 L 3 1022 1
18 L 3 386 1
18 L 3 751 1
18 L 3 1234 1
18 D 965 1022 1
18 D 965 386 1
18 D 965 751 1
18 D 965 1234 1
19 L 0 795 1
19 L 0 1358 1
19 L 0 958 1
19 D 967 795 1
19 D 967 1358 1
19 D 967 958 1
20 L 1 1527 1
20 L 1 1299 1
20 L 1 534 1
20 L 1 1997 1
20 D 989 1527 1
20 D 989 1299 1
20 D 989 534 1
20 D 989 1997 1
21 L 2 913 1
21 L 2 1020 1
21 D 2 913 1
21 D 2 1020 1
22 L 5 1512 1
22 L 5 1090 1
22 L 5 297 1
22 L 5 384 1
22 L 5 1280 1
22 L 5 1977 1
22 D 20 1512 1
22 D 20 1090 1
22 D 20 297 1
22 D 20 384 1
22 D 20 1280 1
22 D 20 1977 1
23 L 0 843 1
23 L 0 334 1
23 D 30 843 1
23 D 30 334 1
24 L 0 367 1
24 L 0 242 1
24 D 45 367 1
24 D 45 242 1
25 L 2 1075 1
25 L 2 1047 1
25 L 2 823 1
25 L 2 1123 1
25 L 2 500 1
25 D 84 1075 1
25 D 84 1047 1
25 D 84 823 1
25 D 84 1123 1
25 D 84 500 1
26 L 1 1830 1
26 L 1 401 1
26 L 1 1759 1
26 D 90 1830 1
26 D 90 401 1
26 D 90 1759 1
27 L 0 1640 1
27 L 0 1604 1
27 L 0 28 1
27 D 94 1640 1
27 D 94 1604 1
27 D 94 28 1
28 L 3 1118 1
28 L 3 72 1
28 L 3 204 1
28 D 95 1118 1
28 D 95 72 1
28 D 95 204 1
29 L 0 1241 1
29 L 0 1142 1
29 L 0 1943 1
29 L 0 1113 1
29 L 0 139 1
29 D 109 1241 1
29 D 109 1142 1
29 D 109 1943 1
29 D 109 1113 1
29 D 109 139 1
0 L 5 41 1
0 L 5 1378 1
0 L 5 1270 1
0 D 113 41 1
0 D 113 1378 1
0 D 113 1270 1
1 L 6 1474 1
1 L 6 896 1
1 D 114 1474 1
1 D 114 896 1
2 L 1 1290 1
2 L 1 163 1
2 L 1 805 1
2 L 1 1843 1
2 D 135 1290 1
2 D 135 163 1
2 D 135 805 1
2 D 135 1843 1
3 L 1 1589 1
3 L 1 1962 1
3 L 1 296 1
3 L 1 1238 1
3 D 148 1589 1
3 D 148 1962 1
3 D 148 296 1
3 D 148 1238 1
4 L 1 961 1
4 L 1 327 1
4 L 1 659 1
4 D 178 961 1
4 D 178 327 1
4 D 178 659 1
5 L 0 97 1
5 L 0 307 1
5 L 0 1005 1
5 L 0 1080 1
5 D 184 97 1
5 D 184 307 1
5 D 184 1005 1
5 D 184 1080 1
6 L 2 218 1
6 L 2 210 1
6 L 2 1064 1
6 D 185 218 1
6 D 185 210 1
6 D 185 1064 1
7 L 1 1983 1
7 L 1 286 1
7 L 1 254 1
7 L 1 1154 1
7 D 197 1983 1
7 D 197 286 1
7 D 197 254 1
7 D 197 1154 1
8 L 1 1722 1
8 L 1 1770 1
8 D 219 1722 1
8 D 219 1770 1
9 L 1 1636 1
9 L 1 1366 1
9 L 1 1529 1
9 D 233 1636 1
9 D 233 1366 1
9 D 233 1529 1
10 L 2 1944 1
10 L 2 1641 1
10 L 2 276 1
10 L 2 970 1
10 D 235 1944 1
10 D 235 1641 1
10 D 235 276 1
10 D 235 970 1
11 L 1 1944 1
11 L 1 404 1
11 L 1 1843 1
11 L 1 1159 1
11 D 245 1944 1
11 D 245 404 1
11 D 245 1843 1
11 D 245 1159 1
12 L 3 762 1
12 L 3 524 1
12 D 260 762 1
12 D 260 524 1
13 L 0 1510 1
13 L 0 1615 1
13 D 262 1510 1
13 D 262 1615 1
14 L 3 988 1
14 L 3 200 1
14 L 3 1602 1
14 L 3 1025 1
14 D 264 988 1
14 D 264 200 1
14 D 264 1602 1
14 D 264 1025 1
15 L 3 607 1
15 L 3 1828 1
15 L 3 299 1
15 D 290 607 1
15 D 290 1828 1
15 D 290 299 1
16 L 6 1413 1
16 L 6 631 1
16 L 6 89 1
16 D 292 1413 1
16 D 292 631 1
16 D 292 89 1
17 L 1 1574 1
17 L 1 753 1
17 L 1 841 1
17 L 1 114 1
17 D 294 1574 1
17 D 294 753 1
17 D 294 841 1
17 D 294 114 1
18 L 5 1084 1
18 L 5 289 1
18 L 5 1231 1
18 D 306 1084 1
18 D 306 289 1
18 D 306 1231 1
19 L 0 1278 1
19 L 0 1632 1
19 L 0 1253 1
19 D 319 1278 1
19 D 319 1632 1
19 D 319 1253 1
20 L 0 1441 1
20 L 0 1405 1
20 L 0 1448 1
20 L 0 662 1
20 D 347 1441 1
20 D 347 1405 1
20 D 347 1448 1
20 D 347 662 1
21 L 0 501 1
21 L 0 1173 1
21 L 0 659 1
21 L 0 338 1
21 D 350 501 1
21 D 350 1173 1
21 D 350 659 1
21 D 350 338 1
22 L 2 1925 1
22 L 2 691 1
22 L 2 1889 1
22 L 2 420 1
22 D 383 1925 1
22 D 383 691 1
22 D 383 1889 1
22 D 383 420 1
23 L 0 641 1
23 L 0 1995 1
23 D 398 641 1
23 D 398 1995 1
24 L 1 795 1
24 L 1 342 1
24 L 1 280 1
24 L 1 1270 1
24 D 415 795 1
24 D 415 342 1
24 D 415 280 1
24 D 415 1270 1
25 L 1 233 1
25 L 1 1138 1
25 L 1 312 1
25 L 1 1342 1
25 D 419 233 1
25 D 419 1138 1
25 D 419 312 1
25 D 419 1342 1
26 L 2 1936 1
26 L 2 537 1
26 D 422 1936 1
26 D 422 537 1
27 L 1 330 1
27 L 1 1147 1
27 L 1 834 1
27 D 444 330 1
27 D 444 1147 1
27 D 444 834 1
28 L 1 661 1
28 L 1 1097 1
28 L 1 660 1
28 L 1 1333 1
28 D 445 661 1
28 D 445 1097 1
28 D 445 660 1
28 D 445 1333 1
29 L 2 1023 1
29 L 2 1470 1
29 L 2 432 1
29 D 454 1023 1
29 D 454 1470 1
29 D 454 432 1
0 L 0 41 1
0 L 0 1350 1
0 L 0 1198 1
0 D 459 41 1
0 D 459 1350 1
0 D 459 1198 1
1 L 1 1527 1
1 L 1 1526 1
1 L 1 110 1
1 D 463 1527 1
1 D 463 1526 1
1 D 463 110 1
2 L 1 1411 1
2 L 1 1739 1
2 L 1 1950 1
2 D 478 1411 1
2 D 478 1739 1
2 D 478 1950 1
3 L 0 521 1
3 L 0 675 1
3 L 0 378 1
3 D 479 521 1
3 D 479 675 1
3 D 479 378 1
4 L 4 1854 1
4 L 4 983 1
4 L 4 1924 1
4 D 485 1854 1
4 D 485 983 1
4 D 485 1924 1
5 L 5 1852 1
5 L 5 968 1
5 D 486 1852 1
5 D 486 968 1
6 L 1 218 2
6 L 1 946 1
6 L 1 1649 1
6 D 492 218 2
6 D 492 946 1
6 D 492 1649 1
7 L 0 607 1
7 L 0 334 1
7 L 0 1091 1
7 D 519 607 1
7 D 519 334 1
7 D 519 1091 1
8 L 5 1311 1
8 L 5 17 1
8 L 5 1425 1
8 L 5 1909 1
8 D 535 1311 1
8 D 535 17 1
8 D 535 1425 1
8 D 535 1909 1
9 L 0 533 1
9 L 0 560 1
9 L 0 1173 1
9 D 541 533 1
9 D 541 560 1
9 D 541 1173 1
10 L 2 1306 1
10 L 2 1042 1
10 L 2 726 1
10 L 2 730 1
10 D 568 1306 1
10 D 568 1042 1
10 D 568 726 1
10 D 568 730 1
11 L 2 1227 1
11 L 2 309 1
11 D 583 1227 1
11 D 583 309 1
12 L 0 871 1
12 L 0 617 1
12 L 0 201 1
12 L 0 299 1
12 D 586 871 1
12 D 586 617 1
12 D 586 201 1
12 D 586 299 1
13 L 1 1770 1
13 L 1 701 1
13 D 614 1770 1
13 D 614 701 1
14 L 0 15 1
14 L 0 1476 1
14 D 619 15 1
14 D 619 1476 1
15 L 1 1693 1
15 L 1 591 1
15 L 1 86 1
15 D 637 1693 1
15 D 637 591 1
15 D 637 86 1
16 L 1 1300 1
16 L 1 1086 1
16 L 1 1633 1
16 L 1 1490 1
16 L 1 1891 1
16 D 639 1300 1
16 D 639 1086 1
16 D 639 1633 1
16 D 639 1490 1
16 D 639 1891 1
17 L 1 1588 1
17 L 1 1589 1
17 L 1 208 1
17 D 641 1588 1
17 D 641 1589 1
17 D 641 208 1
18 L 14 869 1
18 L 14 1184 1
18 L 14 1878 1
18 L 14 551 1
18 D 643 869 1
18 D 643 1184 1
18 D 643 1878 1
18 D 643 551 1
19 L 3 71 1
19 L 3 1986 1
19 D 652 71 1
19 D 652 1986 1
20 L 4 121 1
20 L 4 734 1
20 L 4 547 1
20 D 668 121 1
20 D 668 734 1
20 D 668 547 1
21 L 2 1567 1
21 L 2 388 1
21 D 671 1567 1
21 D 671 388 1
22 L 6 917 1
22 L 6 824 1
22 L 6 1037 1
22 D 684 917 1
22 D 684 824 1
22 D 684 1037 1
23 L 1 526 1
23 L 1 1526 1
23 L 1 163 1
23 L 1 1696 1
23 D 685 526 1
23 D 685 1526 1
23 D 685 163 1
23 D 685 1696 1
24 L 0 1535 1
24 L 0 802 1
24 L 0 365 1
24 D 691 1535 1
24 D 691 802 1
24 D 691 365 1
25 L 1 422 1
25 L 1 96 1
25 L 1 280 1
25 D 709 422 1
25 D 709 96 1
25 D 709 280 1
26 L 0 1034 1
26 L 0 614 1
26 L 0 375 1
26 L 0 1896 1
26 D 717 1034 1
26 D 717 614 1
26 D 717 375 1
26 D 717 1896 1
27 L 2 882 1
27 L 2 643 1
27 L 2 591 1
27 L 2 1025 1
27 D 721 882 1
27 D 721 643 1
27 D 721 591 1
27 D 721 1025 1
28 L 1 1444 1
28 L 1 139 1
28 L 1 216 1
28 D 747 1444 1
28 D 747 139 1
28 D 747 216 1
29 L 1 1722 1
29 L 1 867 1
29 L 1 62 1
29 L 1 758 1
29 D 757 1722 1
29 D 757 867 1
29 D 757 62 1
29 D 757 758 1
0 L 0 727 1
0 L 0 643 1
0 D 766 727 1
0 D 766 643 1
1 L 4 79 1
1 L 4 298 1
1 L 4 1731 1
1 D 772 79 1
1 D 772 298 1
1 D 772 1731 1
2 L 0 1525 1
2 L 0 865 1
2 L 0 432 1
2 L 0 1471 1
2 D 773 1525 1
2 D 773 865 1
2 D 773 432 1
2 D 773 1471 1
3 L 2 862 1
3 L 2 560 1
3 D 778 862 1
3 D 778 560 1
4 L 0 174 1
4 L 0 1988 1
4 L 0 488 1
4 L 0 1997 1
4 D 796 174 1
4 D 796 1988 1
4 D 796 488 1
4 D 796 1997 1
5 L 3 541 1
5 L 3 1097 1
5 L 3 1554 1
5 D 815 541 1
5 D 815 1097 1
5 D 815 1554 1
6 L 0 1719 1
6 L 0 1712 1
6 L 0 1714 1
6 L 0 650 1
6 D 828 1719 1
6 D 828 1712 1
6 D 828 1714 1
6 D 828 650 1
7 L 1 1024 1
7 L 1 483 1
7 L 1 1788 1
7 L 1 1849 1
7 D 834 1024 1
7 D 834 483 1
7 D 834 1788 1
7 D 834 1849 1
8 L 3 1506 1
8 L 3 329 1
8 L 3 403 1
8 L 3 852 1
8 D 835 1506 1
8 D 835 329 1
8 D 835 403 1
8 D 835 852 1
9 L 2 1719 1
9 L 2 288 1
9 L 2 1610 1
9 L 2 551 1
9 D 859 1719 1
9 D 859 288 1
9 D 859 1610 1
9 D 859 551 1
10 L 0 1634 1
10 L 0 1488 1
10 D 860 1634 1
10 D 860 1488 1
11 L 0 193 1
11 L 0 1974 1
11 L 0 299 1
11 L 0 81 1
11 L 0 783 1
11 D 875 193 1
11 D 875 1974 1
11 D 875 299 1
11 D 875 81 1
11 D 875 783 1
12 L 0 727 1
12 L 0 1991 1
12 L 0 789 1
12 D 895 727 1
12 D 895 1991 1
12 D 895 789 1
13 L 4 637 1
13 L 4 475 1
13 L 4 880 1
13 D 928 637 1
13 D 928 475 1
13 D 928 880 1
14 L 0 1968 1
14 L 0 1717 1
14 L 0 1033 1
14 L 0 1482 1
14 D 931 1968 1
14 D 931 1717 1
14 D 931 1033 1
14 D 931 1482 1
15 L 1 786 1
15 L 1 1197 1
15 L 1 1491 1
15 D 942 786 1
15 D 942 1197 1
15 D 942 1491 1
16 L 0 1567 2
16 L 0 1427 1
16 L 0 727 1
16 L 0 383 1
16 D 950 1567 2
16 D 950 1427 1
16 D 950 727 1
16 D 950 383 1
17 L 6 19 1
17 L 6 809 1
17 L 6 846 1
17 D 978 19 1
17 D 978 809 1
17 D 978 846 1
18 L 0 399 1
18 L 0 114 1
18 L 0 1688 1
18 L 0 720 1
18 D 987 399 1
18 D 987 114 1
18 D 987 1688 1
18 D 987 720 1
19 L 1 538 1
19 L 1 1309 1
19 L 1 1304 1
19 L 1 591 1
19 D 995 538 1
19 D 995 1309 1
19 D 995 1304 1
19 D 995 591 1
20 L 11 325 1
20 L 11 1019 1
20 L 11 1618 1
20 L 11 1286 1
20 D 3 325 1
20 D 3 1019 1
20 D 3 1618 1
20 D 3 1286 1
21 L 1 1833 1
21 L 1 1580 1
21 L 1 1204 1
21 D 6 1833 1
21 D 6 1580 1
21 D 6 1204 1
22 L 0 1956 1
22 L 0 1217 1
22 L 0 1592 1
22 L 0 777 1
22 D 18 1956 1
22 D 18 1217 1
22 D 18 1592 1
22 D 18 777 1
23 L 3 877 1
23 L 3 1817 1
23 L 3 803 1
23 L 3 123 1
23 D 41 877 1
23 D 41 1817 1
23 D 41 803 1
23 D 41 123 1
24 L 3 757 1
24 L 3 1300 1
24 L 3 1951 1
24 L 3 840 1
24 D 75 757 1
24 D 75 1300 1
24 D 75 1951 1
24 D 75 840 1
25 L 2 1831 1
25 L 2 1672 1
25 L 2 1673 1
25 D 86 1831 1
25 D 86 1672 1
25 D 86 1673 1
26 L 6 719 1
26 L 6 1754 1
26 L 6 1629 1
26 D 98 719 1
26 D 98 1754 1
26 D 98 1629 1
27 L 1 1299 1
27 L 1 438 1
27 L 1 808 1
27 D 101 1299 1
27 D 101 438 1
27 D 101 808 1
28 L 2 1641 1
28 L 2 727 1
28 L 2 1598 1
28 L 2 764 1
28 D 128 1641 1
28 D 128 727 1
28 D 128 1598 1
28 D 128 764 1
29 L 1 1163 1
29 L 1 50 1
29 L 1 1392 1
29 L 1 1383 1
29 D 130 1163 1
29 D 130 50 1
29 D 130 1392 1
29 D 130 1383 1
0 L 0 83 1
0 L 0 762 1
0 L 0 86 1
0 L 0 230 1
0 D 131 83 1
0 D 131 762 1
0 D 131 86 1
0 D 131 230 1
1 L 1 54 1
1 L 1 205 1
1 L 1 920 1
1 D 145 54 1
1 D 145 205 1
1 D 145 920 1
2 L 3 567 1
2 L 3 1753 1
2 L 3 696 1
2 D 154 567 1
2 D 154 1753 1
2 D 154 696 1
3 L 2 118 1
3 L 2 83 1
3 L 2 477 1
3 D 238 118 1
3 D 238 83 1
3 D 238 477 1
4 L 0 1078 1
4 L 0 741 1
4 L 0 1632 1
4 D 257 1078 1
4 D 257 741 1
4 D 257 1632 1
5 L 0 1690 1
5 L 0 32 1
5 L 0 1952 1
5 D 265 1690 1
5 D 265 32 1
5 D 265 1952 1
6 L 2 19 1
6 L 2 314 1
6 L 2 1578 1
6 D 289 19 1
6 D 289 314 1
6 D 289 1578 1
7 L 0 1802 1
7 L 0 1010 1
7 L 0 1285 1
7 D 293 1802 1
7 D 293 1010 1
7 D 293 1285 1
8 L 1 1142 1
8 L 1 1087 1
8 L 1 1580 1
8 L 1 1270 1
8 D 313 1142 1
8 D 313 1087 1
8 D 313 1580 1
8 D 313 1270 1
9 L 5 1303 1
9 L 5 382 1
9 L 5 254 1
9 L 5 597 1
9 D 320 1303 1
9 D 320 382 1
9 D 320 254 1
9 D 320 597 1
10 L 0 1986 1
10 L 0 1818 1
10 L 0 984 1
10 D 327 1986 1
10 D 327 1818 1
10 D 327 984 1
11 L 3 794 1
11 L 3 1163 1
11 L 3 1405 1
11 L 3 1058 1
11 D 351 794 1
11 D 351 1163 1
11 D 351 1405 1
11 D 351 1058 1
12 L 5 1944 1
12 L 5 1523 1
12 L 5 1669 1
12 L 5 472 1
12 D 356 1944 1
12 D 356 1523 1
12 D 356 1669 1
12 D 356 472 1
13 L 3 8 1
13 L 3 1837 1
13 L 3 454 1
13 L 3 1648 1
13 D 366 8 1
13 D 366 1837 1
13 D 366 454 1
13 D 366 1648 1
14 L 3 1833 1
14 L 3 732 1
14 L 3 684 1
14 L 3 1448 1
14 D 370 1833 1
14 D 370 732 1
14 D 370 684 1
14 D 370 1448 1
15 L 1 1672 1
15 L 1 1606 1
15 L 1 1489 1
15 L 1 638 1
15 L 1 1195 1
15 D 381 1672 1
15 D 381 1606 1
15 D 381 1489 1
15 D 381 638 1
15 D 381 1195 1
16 L 4 405 1
16 L 4 83 1
16 L 4 789 1
16 L 4 1822 1
16 D 397 405 1
16 D 397 83 1
16 D 397 789 1
16 D 397 1822 1
17 L 0 946 1
17 L 0 790 1
17 L 0 832 1
17 D 401 946 1
17 D 401 790 1
17 D 401 832 1
18 L 2 1470 1
18 L 2 1753 1
18 D 405 1470 1
18 D 405 1753 1
19 L 1 190 1
19 L 1 727 1
19 L 1 375 1
19 D 409 190 1
19 D 409 727 1
19 D 409 375 1
20 L 0 1719 1
20 L 0 782 1
20 D 416 1719 1
20 D 416 782 1
21 L 1 83 1
21 L 1 1444 1
21 L 1 854 1
21 D 426 83 1
21 D 426 1444 1
21 D 426 854 1
22 L 0 967 1
22 L 0 1246 1
22 L 0 16 1
22 D 441 967 1
22 D 441 1246 1
22 D 441 16 1
23 L 0 1527 1
23 L 0 1233 1
23 L 0 1002 1
23 D 466 1527 1
23 D 466 1233 1
23 D 466 1002 1
24 L 0 1062 1
24 L 0 1185 1
24 L 0 455 1
24 D 526 1062 1
24 D 526 1185 1
24 D 526 455 1
25 L 4 1420 1
25 L 4 1098 1
25 L 4 1211 1
25 L 4 1020 1
25 D 563 1420 1
25 D 563 1098 1
25 D 563 1211 1
25 D 563 1020 1
26 L 2 967 1
26 L 2 1782 1
26 L 2 1999 1
26 D 576 967 1
26 D 576 1782 1
26 D 576 1999 1
27 L 1 1322 1
27 L 1 68 1
27 L 1 954 1
27 L 1 1091 1
27 L 1 1621 1
27 D 608 1322 1
27 D 608 68 1
27 D 608 954 1
27 D 608 1091 1
27 D 608 1621 1
28 L 1 1874 1
28 L 1 1561 1
28 L 1 1490 1
28 D 611 1874 1
28 D 611 1561 1
28 D 611 1490 1
29 L 0 19 1
29 L 0 1488 1
29 L 0 1617 1
29 L 0 1981 1
29 D 622 19 1
29 D 622 1488 1
29 D 622 1617 1
29 D 622 1981 1
0 L 3 560 1
0 L 3 1407 1
0 D 629 560 1
0 D 629 1407 1
1 L 5 525 1
1 L 5 567 1
1 D 651 525 1
1 D 651 567 1
2 L 3 723 1
2 L 3 283 1
2 L 3 85 1
2 L 3 622 1
2 D 673 723 1
2 D 673 283 1
2 D 673 85 1
2 D 673 622 1
3 L 0 1588 1
3 L 0 233 1
3 L 0 1475 1
3 L 0 1025 1
3 D 690 1588 1
3 D 690 233 1
3 D 690 1475 1
3 D 690 1025 1
4 L 12 213 1
4 L 12 661 1
4 L 12 961 1
4 L 12 954 1
4 L 12 937 1
4 D 692 213 1
4 D 692 661 1
4 D 692 961 1
4 D 692 954 1
4 D 692 937 1
5 L 1 1833 1
5 L 1 414 1
5 L 1 1361 1
5 L 1 778 1
5 D 706 1833 1
5 D 706 414 1
5 D 706 1361 1
5 D 706 778 1
6 L 2 71 1
6 L 2 1766 1
6 L 2 688 1
6 L 2 1649 1
6 D 739 71 1
6 D 739 1766 1
6 D 739 688 1
6 D 739 1649 1
7 L 4 1926 1
7 L 4 1072 1
7 D 755 1926 1
7 D 755 1072 1
8 L 1 1818 1
8 L 1 27 1
8 L 1 1029 1
8 L 1 1828 1
8 L 1 1617 1
8 L 1 162 1
8 D 756 1818 1
8 D 756 27 1
8 D 756 1029 1
8 D 756 1828 1
8 D 756 1617 1
8 D 756 162 1
9 L 2 704 1
9 L 2 870 1
9 L 2 97 1
9 L 2 1969 1
9 L 2 750 1
9 D 764 704 1
9 D 764 870 1
9 D 764 97 1
9 D 764 1969 1
9 D 764 750 1
10 L 1 1825 1
10 L 1 1680 1
10 L 1 1601 1
10 L 1 1646 1
10 D 767 1825 1
10 D 767 1680 1
10 D 767 1601 1
10 D 767 1646 1
11 L 1 481 1
11 L 1 727 1
11 L 1 809 1
11 D 780 481 1
11 D 780 727 1
11 D 780 809 1
12 L 0 1023 1
12 L 0 153 1
12 L 0 756 1
12 D 785 1023 1
12 D 785 153 1
12 D 785 756 1
13 L 0 1606 1
13 L 0 1482 1
13 L 0 438 1
13 L 0 1643 1
13 D 787 1606 1
13 D 787 1482 1
13 D 787 438 1
13 D 787 1643 1
14 L 1 1163 1
14 L 1 1798 1
14 L 1 950 1
14 L 1 364 1
14 D 800 1163 1
14 D 800 1798 1
14 D 800 950 1
14 D 800 364 1
15 L 2 1833 1
15 L 2 1754 1
15 L 2 1008 1
15 D 810 1833 1
15 D 810 1754 1
15 D 810 1008 1
16 L 0 1230 1
16 L 0 97 1
16 L 0 927 1
16 D 832 1230 1
16 D 832 97 1
16 D 832 927 1
17 L 2 1118 1
17 L 2 1983 1
17 L 2 477 1
17 L 2 1324 1
17 L 2 1316 1
17 D 833 1118 1
17 D 833 1983 1
17 D 833 477 1
17 D 833 1324 1
17 D 833 1316 1
18 L 0 1831 1
18 L 0 196 1
18 L 0 1255 1
18 D 856 1831 1
18 D 856 196 1
18 D 856 1255 1
19 L 0 1358 1
19 L 0 1251 1
19 L 0 1019 1
19 D 868 1358 1
19 D 868 1251 1
19 D 868 1019 1
20 L 1 379 1
20 L 1 296 1
20 L 1 1137 1
20 D 885 379 1
20 D 885 296 1
20 D 885 1137 1
21 L 1 1233 1
21 L 1 723 1
21 D 929 1233 1
21 D 929 723 1
22 L 0 567 1
22 L 0 1240 1
22 L 0 1651 1
22 D 930 567 1
22 D 930 1240 1
22 D 930 1651 1
23 L 2 732 1
23 L 2 1088 1
23 L 2 1056 1
23 L 2 668 1
23 L 2 1835 1
23 D 952 732 1
23 D 952 1088 1
23 D 952 1056 1
23 D 952 668 1
23 D 952 1835 1
24 L 0 1956 1
24 L 0 276 1
24 L 0 1974 1
24 L 0 764 1
24 L 0 259 1
24 D 956 1956 1
24 D 956 276 1
24 D 956 1974 1
24 D 956 764 1
24 D 956 259 1
25 L 3 1022 1
25 L 3 863 1
25 L 3 809 1
25 D 958 1022 1
25 D 958 863 1
25 D 958 809 1
26 L 0 1370 1
26 L 0 1638 1
26 L 0 849 1
26 L 0 835 1
26 D 974 1370 1
26 D 974 1638 1
26 D 974 849 1
26 D 974 835 1
27 L 12 1672 1
27 L 12 348 1
27 L 12 145 1
27 L 12 51 1
27 D 994 1672 1
27 D 994 348 1
27 D 994 145 1
27 D 994 51 1
28 L 0 63 1
28 L 0 1486 1
28 L 0 1886 1
28 L 0 789 1
28 D 1 63 1
28 D 1 1486 1
28 D 1 1886 1
28 D 1 789 1
29 L 2 786 1
29 L 2 539 1
29 L 2 1005 1
29 D 25 786 1
29 D 25 539 1
29 D 25 1005 1
0 L 1 486 1
0 L 1 477 1
0 L 1 905 1
0 D 69 486 1
0 D 69 477 1
0 D 69 905 1
1 L 0 953 1
1 L 0 1005 1
1 L 0 1176 1
1 L 0 547 1
1 L 0 699 1
1 D 73 953 1
1 D 73 1005 1
1 D 73 1176 1
1 D 73 547 1
1 D 73 699 1
2 L 1 1800 1
2 L 1 1762 1
2 L 1 371 1
2 D 110 1800 1
2 D 110 1762 1
2 D 110 371 1
3 L 4 988 1
3 L 4 1639 1
3 L 4 68 1
3 L 4 1147 1
3 D 124 988 1
3 D 124 1639 1
3 D 124 68 1
3 D 124 1147 1
4 L 1 401 1
4 L 1 1837 1
4 L 1 1589 1
4 L 1 931 1
4 D 134 401 1
4 D 134 1837 1
4 D 134 1589 1
4 D 134 931 1
5 L 0 857 1
5 L 0 490 1
5 L 0 919 1
5 L 0 756 1
5 D 161 857 1
5 D 161 490 1
5 D 161 919 1
5 D 161 756 1
6 L 2 121 1
6 L 2 1887 1
6 L 2 1916 1
6 L 2 41 1
6 D 188 121 1
6 D 188 1887 1
6 D 188 1916 1
6 D 188 41 1
7 L 6 1795 1
7 L 6 869 1
7 L 6 1586 1
7 D 192 1795 1
7 D 192 869 1
7 D 192 1586 1
8 L 5 1389 1
8 L 5 786 1
8 L 5 1283 1
8 L 5 1238 1
8 L 5 145 1
8 D 223 1389 1
8 D 223 786 1
8 D 223 1283 1
8 D 223 1238 1
8 D 223 145 1
9 L 0 1420 1
9 L 0 399 1
9 L 0 467 1
9 L 0 962 1
9 L 0 1502 1
9 D 237 1420 1
9 D 237 399 1
9 D 237 467 1
9 D 237 962 1
9 D 237 1502 1
10 L 10 917 1
10 L 10 1974 1
10 D 258 917 1
10 D 258 1974 1
11 L 0 1290 1
11 L 0 78 1
11 L 0 1640 1
11 L 0 16 1
11 D 259 1290 1
11 D 259 78 1
11 D 259 1640 1
11 D 259 16 1
12 L 3 1246 1
12 L 3 386 1
12 L 3 952 1
12 D 287 1246 1
12 D 287 386 1
12 D 287 952 1
13 L 3 1279 1
13 L 3 407 1
13 L 3 958 1
13 L 3 583 1
13 D 309 1279 1
13 D 309 407 1
13 D 309 958 1
13 D 309 583 1
14 L 1 1948 1
14 L 1 419 1
14 D 321 1948 1
14 D 321 419 1
15 L 0 1084 1
15 L 0 1804 1
15 L 0 1649 1
15 L 0 1457 1
15 D 340 1084 1
15 D 340 1804 1
15 D 340 1649 1
15 D 340 1457 1
16 L 1 680 1
16 L 1 637 1
16 L 1 1204 1
16 L 1 1688 1
16 L 1 1587 1
16 D 342 680 1
16 D 342 637 1
16 D 342 1204 1
16 D 342 1688 1
16 D 342 1587 1
17 L 0 1395 1
17 L 0 1645 1
17 L 0 479 1
17 L 0 996 1
17 D 344 1395 1
17 D 344 1645 1
17 D 344 479 1
17 D 344 996 1
18 L 5 1186 1
18 L 5 1 1
18 L 5 102 1
18 L 5 183 1
18 L 5 937 1
18 D 369 1186 1
18 D 369 1 1
18 D 369 102 1
18 D 369 183 1
18 D 369 937 1
19 L 0 1221 1
19 L 0 793 1
19 L 0 327 1
19 D 376 1221 1
19 D 376 793 1
19 D 376 327 1
21 L 3 521 1
21 L 3 1879 1
21 L 3 1617 1
21 D 396 521 1
21 D 396 1879 1
21 D 396 1617 1
22 L 0 486 1
22 L 0 1208 1
22 L 0 1345 1
22 D 414 486 1
22 D 414 1208 1
22 D 414 1345 1
23 L 2 1111 1
23 L 2 1886 1
23 L 2 1033 1
23 D 437 1111 1
23 D 437 1886 1
23 D 437 1033 1
24 L 1 1534 1
24 L 1 979 1
24 L 1 299 1
24 D 483 1534 1
24 D 483 979 1
24 D 483 299 1
25 L 5 481 1
25 L 5 1097 1
25 L 5 1759 1
25 L 5 1883 1
25 D 500 481 1
25 D 500 1097 1
25 D 500 1759 1
25 D 500 1883 1
26 L 1 342 1
26 L 1 1596 1
26 L 1 1502 1
26 L 1 1592 1
26 L 1 1981 1
26 D 513 342 1
26 D 513 1596 1
26 D 513 1502 1
26 D 513 1592 1
26 D 513 1981 1
27 L 3 1372 1
27 L 3 1523 1
27 L 3 1640 1
27 L 3 1688 1
27 L 3 392 1
27 D 521 1372 1
27 D 521 1523 1
27 D 521 1640 1
27 D 521 1688 1
27 D 521 392 1
28 L 2 1465 1
28 L 2 1839 1
28 L 2 713 1
28 D 548 1465 1
28 D 548 1839 1
28 D 548 713 1
29 L 3 421 1
29 L 3 1387 1
29 L 3 184 1
29 L 3 1981 1
29 L 3 185 1
29 D 554 421 1
29 D 554 1387 1
29 D 554 184 1
29 D 554 1981 1
29 D 554 185 1
0 L 1 1419 1
0 L 1 1177 1
0 D 566 1419 1
0 D 566 1177 1
1 L 6 1938 1
1 L 6 1062 1
1 D 574 1938 1
1 D 574 1062 1
2 L 0 1925 1
2 L 0 535 1
2 L 0 1995 1
2 D 587 1925 1
2 D 587 535 1
2 D 587 1995 1
3 L 2 713 1
3 L 2 605 1
3 L 2 361 1
3 D 596 713 1
3 D 596 605 1
3 D 596 361 1
4 L 2 525 1
4 L 2 1303 1
4 L 2 203 1
4 D 603 525 1
4 D 603 1303 1
4 D 603 203 1
5 L 1 382 1
5 L 1 807 1
5 L 1 822 1
5 L 1 557 1
5 D 610 382 1
5 D 610 807 1
5 D 610 822 1
5 D 610 557 1
6 L 2 31 1
6 L 2 486 1
6 L 2 1883 1
6 D 618 31 1
6 D 618 486 1
6 D 618 1883 1
7 L 6 1885 1
7 L 6 727 1
7 L 6 1484 1
7 D 636 1885 1
7 D 636 727 1
7 D 636 1484 1
8 L 1 1619 1
8 L 1 122 1
8 L 1 347 1
8 D 650 1619 1
8 D 650 122 1
8 D 650 347 1
9 L 5 1923 1
9 L 5 1939 1
9 L 5 68 1
9 L 5 1699 1
9 D 665 1923 1
9 D 665 1939 1
9 D 665 68 1
9 D 665 1699 1
10 L 1 172 1
10 L 1 1641 1
10 L 1 1306 1
10 L 1 1480 1
10 D 670 172 1
10 D 670 1641 1
10 D 670 1306 1
10 D 670 1480 1
11 L 10 843 1
11 L 10 1802 1
11 D 674 843 1
11 D 674 1802 1
12 L 2 713 1
12 L 2 374 1
12 L 2 468 1
12 D 679 713 1
12 D 679 374 1
12 D 679 468 1
13 L 3 1513 1
13 L 3 850 1
13 L 3 1075 1
13 L 3 1178 1
13 D 702 1513 1
13 D 702 850 1
13 D 702 1075 1
13 D 702 1178 1
14 L 8 519 1
14 L 8 344 1
14 L 8 1035 1
14 L 8 419 1
14 D 753 519 1
14 D 753 344 1
14 D 753 1035 1
14 D 753 419 1
15 L 0 1462 1
15 L 0 1417 1
15 L 0 682 1
15 L 0 1042 1
15 D 774 1462 1
15 D 774 1417 1
15 D 774 682 1
15 D 774 1042 1
16 L 2 826 1
16 L 2 1149 1
16 L 2 47 1
16 L 2 1649 1
16 D 788 826 1
16 D 788 1149 1
16 D 788 47 1
16 D 788 1649 1
17 L 0 871 1
17 L 0 1690 1
17 L 0 1355 1
17 D 792 871 1
17 D 792 1690 1
17 D 792 1355 1
18 L 3 1164 1
18 L 3 1554 1
18 L 3 184 1
18 D 793 1164 1
18 D 793 1554 1
18 D 793 184 1
19 L 1 153 1
19 L 1 286 1
19 L 1 1097 1
19 D 817 153 1
19 D 817 286 1
19 D 817 1097 1
20 L 0 841 1
20 L 0 409 1
20 L 0 1665 1
20 L 0 1480 1
20 D 830 841 1
20 D 830 409 1
20 D 830 1665 1
20 D 830 1480 1
21 L 1 1722 1
21 L 1 1163 1
21 L 1 1890 1
21 D 837 1722 1
21 D 837 1163 1
21 D 837 1890 1
22 L 0 704 1
22 L 0 1078 1
22 L 0 483 1
22 L 0 1316 1
22 L 0 73 1
22 D 840 704 1
22 D 840 1078 1
22 D 840 483 1
22 D 840 1316 1
22 D 840 73 1
23 L 6 1595 1
23 L 6 1584 1
23 L 6 95 1
23 D 853 1595 1
23 D 853 1584 1
23 D 853 95 1
24 L 0 1595 1
24 L 0 681 1
24 L 0 1224 1
24 D 854 1595 1
24 D 854 681 1
24 D 854 1224 1
25 L 3 422 1
25 L 3 324 1
25 L 3 253 1
25 D 886 422 1
25 D 886 324 1
25 D 886 253 1
26 L 4 1831 1
26 L 4 877 1
26 L 4 691 1
26 D 905 1831 1
26 D 905 877 1
26 D 905 691 1
27 L 2 1486 1
27 L 2 242 1
27 L 2 1067 1
27 D 910 1486 1
27 D 910 242 1
27 D 910 1067 1
28 L 4 919 1
28 L 4 1754 1
28 L 4 1677 1
28 D 23 919 1
28 D 23 1754 1
28 D 23 1677 1
29 L 2 1372 1
29 L 2 1290 1
29 L 2 1702 1
29 L 2 441 1
29 D 29 1372 1
29 D 29 1290 1
29 D 29 1702 1
29 D 29 441 1
0 L 0 1846 1
0 L 0 19 1
0 L 0 122 1
0 D 122 1846 1
0 D 122 19 1
0 D 122 122 1
1 L 1 843 1
1 L 1 153 1
1 L 1 283 1
1 D 133 843 1
1 D 133 153 1
1 D 133 283 1
2 L 5 288 1
2 L 5 1961 1
2 L 5 1592 1
2 D 147 288 1
2 D 147 1961 1
2 D 147 1592 1
3 L 2 841 1
3 L 2 820 1
3 L 2 1385 1
3 L 2 1715 1
3 D 212 841 1
3 D 212 820 1
3 D 212 1385 1
3 D 212 1715 1
4 L 2 1372 1
4 L 2 1048 1
4 L 2 1554 1
4 L 2 372 1
4 D 218 1372 1
4 D 218 1048 1
4 D 218 1554 1
4 D 218 372 1
5 L 3 1142 1
5 L 3 1486 1
5 L 3 1780 1
5 D 231 1142 1
5 D 231 1486 1
5 D 231 1780 1
6 L 3 490 1
6 L 3 560 1
6 L 3 1526 1
6 L 3 1951 1
6 D 243 490 1
6 D 243 560 1
6 D 243 1526 1
6 D 243 1951 1
7 L 2 19 1
7 L 2 355 1
7 L 2 1258 1
7 D 331 19 1
7 D 331 355 1
7 D 331 1258 1
8 L 2 1350 1
8 L 2 1002 1
8 L 2 1922 1
8 L 2 922 1
8 L 2 658 1
8 D 346 1350 1
8 D 346 1002 1
8 D 346 1922 1
8 D 346 922 1
8 D 346 658 1
9 L 1 1771 1
9 L 1 1523 1
9 L 1 920 1
9 L 1 1280 1
9 D 355 1771 1
9 D 355 1523 1
9 D 355 920 1
9 D 355 1280 1
10 L 2 409 1
10 L 2 1955 1
10 L 2 962 1
10 D 359 409 1
10 D 359 1955 1
10 D 359 962 1
11 L 3 674 1
11 L 3 732 1
11 L 3 477 1
11 L 3 463 1
11 D 390 674 1
11 D 390 732 1
11 D 390 477 1
11 D 390 463 1
12 L 2 1427 1
12 L 2 454 1
12 L 2 442 1
12 L 2 688 1
12 D 431 1427 1
12 D 431 454 1
12 D 431 442 1
12 D 431 688 1
13 L 0 360 1
13 L 0 382 1
13 L 0 1062 1
13 L 0 28 1
13 D 449 360 1
13 D 449 382 1
13 D 449 1062 1
13 D 449 28 1
14 L 3 1833 1
14 L 3 815 1
14 L 3 1640 1
14 L 3 1715 1
14 D 453 1833 1
14 D 453 815 1
14 D 453 1640 1
14 D 453 1715 1
15 L 1 388 1
15 L 1 1835 1
15 D 456 388 1
15 D 456 1835 1
16 L 5 1714 1
16 L 5 122 1
16 L 5 1082 1
16 L 5 1287 1
16 D 475 1714 1
16 D 475 122 1
16 D 475 1082 1
16 D 475 1287 1
17 L 4 1939 1
17 L 4 314 1
17 L 4 1031 1
17 D 506 1939 1
17 D 506 314 1
17 D 506 1031 1
18 L 0 862 1
18 L 0 684 1
18 L 0 1828 1
18 D 508 862 1
18 D 508 684 1
18 D 508 1828 1
19 L 5 8 1
19 L 5 1092 1
19 L 5 1873 1
19 L 5 35 1
19 D 537 8 1
19 D 537 1092 1
19 D 537 1873 1
19 D 537 35 1
20 L 0 1887 1
20 L 0 1634 1
20 L 0 666 1
20 D 543 1887 1
20 D 543 1634 1
20 D 543 666 1
21 L 2 507 1
21 L 2 836 1
21 D 547 507 1
21 D 547 836 1
22 L 1 875 1
22 L 1 382 1
22 L 1 6 1
22 L 1 59 1
22 D 558 875 1
22 D 558 382 1
22 D 558 6 1
22 D 558 59 1
23 L 10 1817 1
23 L 10 163 1
23 L 10 920 1
23 L 10 1828 1
23 D 559 1817 1
23 D 559 163 1
23 D 559 920 1
23 D 559 1828 1
24 L 4 1567 1
24 L 4 1983 1
24 L 4 820 1
24 L 4 1108 1
24 L 4 597 1
24 D 570 1567 1
24 D 570 1983 1
24 D 570 820 1
24 D 570 1108 1
24 D 570 597 1
25 L 6 88 1
25 L 6 1895 1
25 L 6 1098 1
25 D 584 88 1
25 D 584 1895 1
25 D 584 1098 1
27 L 1 627 1
27 L 1 1327 1
27 L 1 1270 1
27 L 1 162 1
27 D 600 627 1
27 D 600 1327 1
27 D 600 1270 1
27 D 600 162 1
28 L 0 3 1
28 L 0 1113 1
28 L 0 419 1
28 D 606 3 1
28 D 606 1113 1
28 D 606 419 1
29 L 0 1929 1
29 L 0 358 1
29 L 0 1873 1
29 L 0 574 1
29 D 627 1929 1
29 D 627 358 1
29 D 627 1873 1
29 D 627 574 1
0 L 0 1825 1
0 L 0 1601 1
0 L 0 364 1
0 L 0 548 1
0 D 628 1825 1
0 D 628 1601 1
0 D 628 364 1
0 D 628 548 1
1 L 1 218 1
1 L 1 1535 1
1 L 1 1301 1
1 L 1 1441 1
1 D 688 218 1
1 D 688 1535 1
1 D 688 1301 1
1 D 688 1441 1
2 L 1 877 1
2 L 1 820 1
2 L 1 1965 1
2 L 1 184 1
2 L 1 229 1
2 D 695 877 1
2 D 695 820 1
2 D 695 1965 1
2 D 695 184 1
2 D 695 229 1
3 L 0 1634 1
3 L 0 1640 1
3 L 0 299 1
3 L 0 1533 1
3 D 713 1634 1
3 D 713 1640 1
3 D 713 299 1
3 D 713 1533 1
4 L 4 710 1
4 L 4 1173 1
4 L 4 434 1
4 L 4 76 1
4 L 4 1772 1
4 D 719 710 1
4 D 719 1173 1
4 D 719 434 1
4 D 719 76 1
4 D 719 1772 1
5 L 4 988 1
5 L 4 1230 1
5 L 4 80 1
5 L 4 741 1
5 D 725 988 1
5 D 725 1230 1
5 D 725 80 1
5 D 725 741 1
6 L 1 857 1
6 L 1 188 1
6 L 1 1937 1
6 D 728 857 1
6 D 728 188 1
6 D 728 1937 1
7 L 4 535 1
7 L 4 361 1
7 L 4 1494 1
7 D 732 535 1
7 D 732 361 1
7 D 732 1494 1
8 L 9 855 1
8 L 9 118 1
8 D 737 855 1
8 D 737 118 1
9 L 2 1956 1
9 L 2 1396 1
9 L 2 859 1
9 D 742 1956 1
9 D 742 1396 1
9 D 742 859 1
10 L 5 196 1
10 L 5 1986 1
10 L 5 1843 1
10 D 749 196 1
10 D 749 1986 1
10 D 749 1843 1
11 L 0 1155 1
11 L 0 615 1
11 D 779 1155 1
11 D 779 615 1
12 L 6 1209 1
12 L 6 163 1
12 D 826 1209 1
12 D 826 163 1
13 L 1 1553 1
13 L 1 1757 1
13 L 1 1005 1
13 L 1 1659 1
13 D 842 1553 1
13 D 842 1757 1
13 D 842 1005 1
13 D 842 1659 1
14 L 2 979 1
14 L 2 1153 1
14 D 869 979 1
14 D 869 1153 1
15 L 2 1512 1
15 L 2 877 1
15 L 2 1091 1
15 L 2 1790 1
15 D 876 1512 1
15 D 876 877 1
15 D 876 1091 1
15 D 876 1790 1
16 L 4 1712 1
16 L 4 1209 1
16 D 889 1712 1
16 D 889 1209 1
17 L 9 324 1
17 L 9 1503 1
17 L 9 1970 1
17 L 9 235 1
17 D 893 324 1
17 D 893 1503 1
17 D 893 1970 1
17 D 893 235 1
18 L 1 713 1
18 L 1 501 1
18 L 1 297 1
18 D 951 713 1
18 D 951 501 1
18 D 951 297 1
19 L 7 1200 1
19 L 7 111 1
19 L 7 439 1
19 D 970 1200 1
19 D 970 111 1
19 D 970 439 1
20 L 5 1831 1
20 L 5 851 1
20 L 5 743 1
20 D 972 1831 1
20 D 972 851 1
20 D 972 743 1
21 L 7 967 1
21 L 7 1683 1
21 L 7 398 1
21 D 977 967 1
21 D 977 1683 1
21 D 977 398 1
22 L 2 1535 1
22 L 2 525 1
22 D 15 1535 1
22 D 15 525 1
23 L 3 723 1
23 L 3 1034 1
23 L 3 618 1
23 L 3 1965 1
23 L 3 1160 1
23 D 16 723 1
23 D 16 1034 1
23 D 16 618 1
23 D 16 1965 1
23 D 16 1160 1
24 L 3 1470 1
24 L 3 1795 1
24 L 3 62 1
24 D 22 1470 1
24 D 22 1795 1
24 D 22 62 1
25 L 0 1023 1
25 L 0 1024 1
25 L 0 1290 1
25 L 0 367 1
25 D 31 1023 1
25 D 31 1024 1
25 D 31 1290 1
25 D 31 367 1
26 L 3 1641 1
26 L 3 362 1
26 L 3 1818 1
26 D 42 1641 1
26 D 42 362 1
26 D 42 1818 1
27 L 1 1241 1
27 L 1 239 1
27 L 1 441 1
27 L 1 1192 1
27 D 47 1241 1
27 D 47 239 1
27 D 47 441 1
27 D 47 1192 1
28 L 5 600 1
28 L 5 1879 1
28 D 51 600 1
28 D 51 1879 1
29 L 7 526 1
29 L 7 155 1
29 L 7 1972 1
29 D 53 526 1
29 D 53 155 1
29 D 53 1972 1
0 L 3 704 1
0 L 3 48 1
0 L 3 50 1
0 L 3 344 1
0 D 57 704 1
0 D 57 48 1
0 D 57 50 1
0 D 57 344 1
1 L 6 1817 1
1 L 6 1526 1
1 L 6 634 1
1 L 6 1669 1
1 L 6 28 1
1 D 60 1817 1
1 D 60 1526 1
1 D 60 634 1
1 D 60 1669 1
1 D 60 28 1
2 L 0 1259 1
2 L 0 1580 1
2 L 0 992 1
2 D 125 1259 1
2 D 125 1580 1
2 D 125 992 1
3 L 1 904 1
3 L 1 1048 1
3 L 1 1411 1
3 L 1 1258 1
3 L 1 500 1
3 D 136 904 1
3 D 136 1048 1
3 D 136 1411 1
3 D 136 1258 1
3 D 136 500 1
4 L 9 33 1
4 L 9 1798 1
4 L 9 457 1
4 D 150 33 1
4 D 150 1798 1
4 D 150 457 1
5 L 1 443 1
5 L 1 1078 1
5 L 1 1468 1
5 D 155 443 1
5 D 155 1078 1
5 D 155 1468 1
6 L 6 841 1
6 L 6 277 1
6 L 6 1764 1
6 L 6 1309 1
6 D 164 841 1
6 D 164 277 1
6 D 164 1764 1
6 D 164 1309 1
7 L 2 713 1
7 L 2 1830 1
7 D 168 713 1
7 D 168 1830 1
8 L 0 118 1
8 L 0 407 1
8 D 180 118 1
8 D 180 407 1
9 L 1 1084 1
9 L 1 691 1
9 L 1 446 1
9 L 1 42 1
9 D 191 1084 1
9 D 191 691 1
9 D 191 446 1
9 D 191 42 1
10 L 1 382 1
10 L 1 1868 1
10 L 1 1259 1
10 D 225 382 1
10 D 225 1868 1
10 D 225 1259 1
11 L 2 719 1
11 L 2 1967 1
11 L 2 707 1
11 D 236 719 1
11 D 236 1967 1
11 D 236 707 1
12 L 2 373 1
12 L 2 314 1
12 L 2 1101 1
12 D 248 373 1
12 D 248 314 1
12 D 248 1101 1
13 L 12 643 1
13 L 12 1316 1
13 L 12 763 1
13 D 271 643 1
13 D 271 1316 1
13 D 271 763 1
14 L 0 404 1
14 L 0 1994 1
14 L 0 1173 1
14 L 0 145 1
14 L 0 1147 1
14 D 279 404 1
14 D 279 1994 1
14 D 279 1173 1
14 D 279 145 1
14 D 279 1147 1
15 L 2 713 1
15 L 2 1020 1
15 L 2 1987 1
15 D 316 713 1
15 D 316 1020 1
15 D 316 1987 1
16 L 1 405 1
16 L 1 48 1
16 D 349 405 1
16 D 349 48 1
17 L 3 1470 1
17 L 3 691 1
17 D 358 1470 1
17 D 358 691 1
18 L 10 1372 1
18 L 10 1754 1
18 L 10 168 1
18 L 10 1240 1
18 L 10 1094 1
18 L 10 513 1
18 D 362 1372 1
18 D 362 1754 1
18 D 362 168 1
18 D 362 1240 1
18 D 362 1094 1
18 D 362 513 1
19 L 2 382 1
19 L 2 1834 1
19 D 364 382 1
19 D 364 1834 1
20 L 7 1023 1
20 L 7 481 1
20 L 7 1324 1
20 L 7 1239 1
20 D 404 1023 1
20 D 404 481 1
20 D 404 1324 1
20 D 404 1239 1
21 L 5 1926 1
21 L 5 170 1
21 D 408 1926 1
21 D 408 170 1
22 L 4 1092 1
22 L 4 178 1
22 L 4 252 1
22 D 433 1092 1
22 D 433 178 1
22 D 433 252 1
23 L 3 833 1
23 L 3 1420 1
23 L 3 1278 1
23 L 3 1530 1
23 L 3 937 1
23 D 455 833 1
23 D 455 1420 1
23 D 455 1278 1
23 D 455 1530 1
23 D 455 937 1
24 L 3 1870 1
24 L 3 25 1
24 L 3 1720 1
24 L 3 915 1
24 L 3 1123 1
24 D 467 1870 1
24 D 467 25 1
24 D 467 1720 1
24 D 467 915 1
24 D 467 1123 1
25 L 2 297 1
25 L 2 1257 1
25 L 2 636 1
25 D 470 297 1
25 D 470 1257 1
25 D 470 636 1
26 L 1 170 1
26 L 1 919 1
26 L 1 298 1
26 D 476 170 1
26 D 476 919 1
26 D 476 298 1
27 L 8 1694 1
27 L 8 1523 1
27 L 8 1369 1
27 D 489 1694 1
27 D 489 1523 1
27 D 489 1369 1
28 L 3 1290 1
28 L 3 1319 1
28 L 3 242 1
28 L 3 942 1
28 D 515 1290 1
28 D 515 1319 1
28 D 515 242 1
28 D 515 942 1
29 L 2 484 2
29 L 2 172 1
29 L 2 622 1
29 D 569 484 2
29 D 569 172 1
29 D 569 622 1
0 L 1 1513 1
0 L 1 463 1
0 L 1 773 1
0 D 592 1513 1
0 D 592 463 1
0 D 592 773 1
1 L 7 961 1
1 L 7 269 1
1 L 7 1369 1
1 D 601 961 1
1 D 601 269 1
1 D 601 1369 1
2 L 1 551 1
2 L 1 1804 1
2 L 1 328 1
2 D 607 551 1
2 D 607 1804 1
2 D 607 328 1
3 L 0 1384 1
3 L 0 360 1
3 L 0 1556 1
3 D 617 1384 1
3 D 617 360 1
3 D 617 1556 1
4 L 1 862 1
4 L 1 509 1
4 L 1 371 1
4 L 1 216 1
4 L 1 441 1
4 D 631 862 1
4 D 631 509 1
4 D 631 371 1
4 D 631 216 1
4 D 631 441 1
5 L 0 1846 1
5 L 0 1887 1
5 L 0 481 1
5 L 0 22 1
5 D 632 1846 1
5 D 632 1887 1
5 D 632 481 1
5 D 632 22 1
6 L 8 1825 1
6 L 8 1502 1
6 L 8 1576 1
6 L 8 687 1
6 D 678 1825 1
6 D 678 1502 1
6 D 678 1576 1
6 D 678 687 1
7 L 6 716 1
7 L 6 1837 1
7 D 694 716 1
7 D 694 1837 1
8 L 5 1929 1
8 L 5 716 1
8 L 5 28 1
8 D 696 1929 1
8 D 696 716 1
8 D 696 28 1
9 L 2 471 1
9 L 2 1285 1
9 L 2 1602 1
9 D 712 471 1
9 D 712 1285 1
9 D 712 1602 1
10 L 1 1601 1
10 L 1 247 1
10 L 1 78 1
10 L 1 283 1
10 L 1 1001 1
10 D 741 1601 1
10 D 741 247 1
10 D 741 78 1
10 D 741 283 1
10 D 741 1001 1
11 L 2 1384 1
11 L 2 404 1
11 L 2 360 1
11 L 2 1462 1
11 D 784 1384 1
11 D 784 404 1
11 D 784 360 1
11 D 784 1462 1
12 L 2 877 1
12 L 2 1350 1
12 L 2 1703 1
12 L 2 958 1
12 L 2 789 1
12 L 2 1769 1
12 D 824 877 1
12 D 824 1350 1
12 D 824 1703 1
12 D 824 958 1
12 D 824 789 1
12 D 824 1769 1
13 L 2 1034 1
13 L 2 1319 1
13 L 2 1742 1
13 L 2 113 1
13 L 2 1480 1
13 D 825 1034 1
13 D 825 1319 1
13 D 825 1742 1
13 D 825 113 1
13 D 825 1480 1
15 L 2 382 1
15 L 2 359 1
15 L 2 698 1
15 D 841 382 1
15 D 841 359 1
15 D 841 698 1
16 L 1 404 1
16 L 1 1072 1
16 L 1 1523 1
16 L 1 278 1
16 D 904 404 1
16 D 904 1072 1
16 D 904 1523 1
16 D 904 278 1
17 L 5 1887 1
17 L 5 173 1
17 L 5 680 1
17 D 916 1887 1
17 D 916 173 1
17 D 916 680 1
18 L 4 1200 1
18 L 4 719 1
18 L 4 360 1
18 D 919 1200 1
18 D 919 719 1
18 D 919 360 1
19 L 2 904 1
19 L 2 979 1
19 L 2 354 1
19 D 948 904 1
19 D 948 979 1
19 D 948 354 1
20 L 4 1628 1
20 L 4 1425 1
20 L 4 1715 1
20 L 4 1207 1
20 L 4 931 1
20 L 4 1056 1
20 L 4 1987 1
20 L 4 942 1
20 L 4 1086 1
20 D 964 1628 1
20 D 964 1425 1
20 D 964 1715 1
20 D 964 1207 1
20 D 964 931 1
20 D 964 1056 1
20 D 964 1987 1
20 D 964 942 1
20 D 964 1086 1
21 L 1 1241 1
21 L 1 1072 1
21 L 1 114 1
21 L 1 276 1
21 D 986 1241 1
21 D 986 1072 1
21 D 986 114 1
21 D 986 276 1
22 L 4 170 1
22 L 4 967 1
22 L 4 1280 1
22 L 4 1881 1
22 D 0 170 1
22 D 0 967 1
22 D 0 1280 1
22 D 0 1881 1
23 L 3 1719 1
23 L 3 1184 1
23 L 3 1087 1
23 L 3 1055 1
23 D 9 1719 1
23 D 9 1184 1
23 D 9 1087 1
23 D 9 1055 1
24 L 0 1506 1
24 L 0 1450 1
24 L 0 1646 1
24 D 46 1506 1
24 D 46 1450 1
24 D 46 1646 1
25 L 1 272 1
25 L 1 1084 1
25 L 1 525 1
25 L 1 841 1
25 D 59 272 1
25 D 59 1084 1
25 D 59 525 1
25 D 59 841 1
26 L 4 1712 1
26 L 4 200 1
26 L 4 680 1
26 L 4 531 1
26 L 4 1168 1
26 D 79 1712 1
26 D 79 200 1
26 D 79 680 1
26 D 79 531 1
26 D 79 1168 1
27 L 3 1420 1
27 L 3 48 1
27 L 3 726 1
27 D 88 1420 1
27 D 88 48 1
27 D 88 726 1
28 L 3 786 1
28 L 3 1690 1
28 L 3 1589 1
28 D 96 786 1
28 D 96 1690 1
28 D 96 1589 1
29 L 9 1273 1
29 L 9 660 1
29 D 102 1273 1
29 D 102 660 1
0 L 4 920 1
0 L 4 1082 1
0 L 4 724 1
0 D 140 920 1
0 D 140 1082 1
0 D 140 724 1
1 L 10 1925 1
1 L 10 1370 1
1 L 10 666 1
1 L 10 490 1
1 L 10 1165 1
1 D 156 1925 1
1 D 156 1370 1
1 D 156 666 1
1 D 156 490 1
1 D 156 1165 1
2 L 1 367 1
2 L 1 1111 1
2 L 1 1097 1
2 L 1 1457 1
2 D 170 367 1
2 D 170 1111 1
2 D 170 1097 1
2 D 170 1457 1
4 L 3 249 1
4 L 3 1326 1
4 L 3 125 1
4 L 3 508 1
4 D 204 249 1
4 D 204 1326 1
4 D 204 125 1
4 D 204 508 1
5 L 10 641 1
5 L 10 167 1
5 D 207 641 1
5 D 207 167 1
6 L 2 1441 1
6 L 2 684 1
6 L 2 255 1
6 L 2 1503 1
6 D 232 1441 1
6 D 232 684 1
6 D 232 255 1
6 D 232 1503 1
7 L 0 1527 1
7 L 0 891 1
7 L 0 919 1
7 D 241 1527 1
7 D 241 891 1
7 D 241 919 1
8 L 0 14 1
8 L 0 1929 1
8 L 0 769 1
8 D 244 14 1
8 D 244 1929 1
8 D 244 769 1
9 L 2 418 1
9 L 2 794 1
9 L 2 401 1
9 D 267 418 1
9 D 267 794 1
9 D 267 401 1
10 L 3 558 1
10 L 3 63 1
10 L 3 875 1
10 L 3 1081 1
10 L 3 1530 1
10 L 3 478 1
10 L 3 1061 1
10 L 3 937 1
10 D 270 558 1
10 D 270 63 1
10 D 270 875 1
10 D 270 1081 1
10 D 270 1530 1
10 D 270 478 1
10 D 270 1061 1
10 D 270 937 1
12 L 1 1074 1
12 L 1 836 1
12 L 1 1526 1
12 D 286 1074 1
12 D 286 836 1
12 D 286 1526 1
14 L 7 247 1
14 L 7 1601 1
14 L 7 1935 1
14 L 7 1127 1
14 D 339 247 1
14 D 339 1601 1
14 D 339 1935 1
14 D 339 1127 1
15 L 0 1567 1
15 L 0 1877 1
15 L 0 1671 1
15 L 0 604 1
15 D 343 1567 1
15 D 343 1877 1
15 D 343 1671 1
15 D 343 604 1
16 L 7 1956 1
16 L 7 794 1
16 L 7 681 1
16 L 7 1387 1
16 D 379 1956 1
16 D 379 794 1
16 D 379 681 1
16 D 379 1387 1
17 L 5 253 1
17 L 5 756 1
17 L 5 1385 1
17 D 413 253 1
17 D 413 756 1
17 D 413 1385 1
18 L 6 773 1
18 L 6 509 1
18 L 6 302 1
18 D 420 773 1
18 D 420 509 1
18 D 420 302 1
19 L 6 1719 1
19 L 6 1246 1
19 L 6 637 1
19 L 6 1617 1
19 D 427 1719 1
19 D 427 1246 1
19 D 427 637 1
19 D 427 1617 1
20 L 1 285 1
20 L 1 946 1
20 L 1 1818 1
20 D 448 285 1
20 D 448 946 1
20 D 448 1818 1
21 L 7 1901 1
21 L 7 1324 1
21 L 7 468 1
21 L 7 35 1
21 D 462 1901 1
21 D 462 1324 1
21 D 462 468 1
21 D 462 35 1
22 L 5 1706 1
22 L 5 1419 1
22 L 5 1527 1
22 L 5 512 1
22 D 473 1706 1
22 D 473 1419 1
22 D 473 1527 1
22 D 473 512 1
23 L 2 168 1
23 L 2 694 1
23 L 2 145 1
23 L 2 1661 1
23 L 2 328 1
23 D 503 168 1
23 D 503 694 1
23 D 503 145 1
23 D 503 1661 1
23 D 503 328 1
24 L 4 627 1
24 L 4 1380 1
24 L 4 500 1
24 D 517 627 1
24 D 517 1380 1
24 D 517 500 1
25 L 4 404 1
25 L 4 172 1
25 L 4 71 1
25 L 4 1742 1
25 L 4 1060 1
25 D 545 404 1
25 D 545 172 1
25 D 545 71 1
25 D 545 1742 1
25 D 545 1060 1
26 L 2 1033 1
26 L 2 954 1
26 L 2 809 1
26 L 2 1484 1
26 D 553 1033 1
26 D 553 954 1
26 D 553 809 1
26 D 553 1484 1
27 L 3 1241 1
27 L 3 1013 1
27 L 3 934 1
27 L 3 1730 1
27 D 573 1241 1
27 D 573 1013 1
27 D 573 934 1
27 D 573 1730 1
28 L 3 8 1
28 L 3 841 1
28 L 3 96 1
28 L 3 1223 1
28 D 612 8 1
28 D 612 841 1
28 D 612 96 1
28 D 612 1223 1
29 L 0 1103 1
29 L 0 759 1
29 L 0 517 1
29 L 0 1063 1
29 D 635 1103 1
29 D 635 759 1
29 D 635 517 1
29 D 635 1063 1
0 L 1 404 1
0 L 1 326 1
0 D 644 404 1
0 D 644 326 1
1 L 3 1634 1
1 L 3 1584 1
1 D 686 1634 1
1 D 686 1584 1
2 L 2 172 1
2 L 2 727 1
2 L 2 684 1
2 L 2 1810 1
2 D 703 172 1
2 D 703 727 1
2 D 703 684 1
2 D 703 1810 1
3 L 11 1202 1
3 L 11 521 1
3 L 11 360 1
3 L 11 1338 1
3 L 11 94 1
3 D 705 1202 1
3 D 705 521 1
3 D 705 360 1
3 D 705 1338 1
3 D 705 94 1
4 L 4 753 1
4 L 4 781 1
4 L 4 1087 1
4 L 4 1965 1
4 L 4 243 1
4 D 720 753 1
4 D 720 781 1
4 D 720 1087 1
4 D 720 1965 1
4 D 720 243 1
5 L 7 1300 1
5 L 7 875 1
5 L 7 172 1
5 L 7 1529 1
5 D 805 1300 1
5 D 805 875 1
5 D 805 172 1
5 D 805 1529 1
6 L 1 153 1
6 L 1 411 1
6 L 1 1479 1
6 L 1 1487 1
6 D 807 153 1
6 D 807 411 1
6 D 807 1479 1
6 D 807 1487 1
7 L 4 558 1
7 L 4 795 1
7 L 4 152 1
7 D 819 558 1
7 D 819 795 1
7 D 819 152 1
8 L 3 1184 1
8 L 3 671 1
8 L 3 287 1
8 D 839 1184 1
8 D 839 671 1
8 D 839 287 1
9 L 3 1956 1
9 L 3 666 1
9 L 3 83 1
9 L 3 1322 1
9 D 855 1956 1
9 D 855 666 1
9 D 855 83 1
9 D 855 1322 1
11 L 3 1173 1
11 L 3 334 1
11 L 3 1070 1
11 L 3 491 1
11 L 3 937 1
11 D 877 1173 1
11 D 877 334 1
11 D 877 1070 1
11 D 877 491 1
11 D 877 937 1
12 L 3 780 1
12 L 3 490 1
12 L 3 1048 1
12 L 3 477 1
12 L 3 68 1
12 D 915 780 1
12 D 915 490 1
12 D 915 1048 1
12 D 915 477 1
12 D 915 68 1
13 L 1 121 1
13 L 1 1523 1
13 L 1 1416 1
13 L 1 1660 1
13 D 917 121 1
13 D 917 1523 1
13 D 917 1416 1
13 D 917 1660 1
14 L 4 560 1
14 L 4 790 1
14 L 4 1087 1
14 D 925 560 1
14 D 925 790 1
14 D 925 1087 1
15 L 12 421 1
15 L 12 540 1
15 L 12 1149 1
15 L 12 592 1
15 D 933 421 1
15 D 933 540 1
15 D 933 1149 1
15 D 933 592 1
16 L 7 600 1
16 L 7 1116 1
16 L 7 777 1
16 L 7 532 1
16 D 938 600 1
16 D 938 1116 1
16 D 938 777 1
16 D 938 532 1
17 L 3 1321 1
17 L 3 275 1
17 D 953 1321 1
17 D 953 275 1
18 L 0 1186 1
18 L 0 501 1
18 L 0 1060 1
18 L 0 1132 1
18 L 0 171 1
18 L 0 1981 1
18 D 954 1186 1
18 D 954 501 1
18 D 954 1060 1
18 D 954 1132 1
18 D 954 171 1
18 D 954 1981 1
19 L 6 1184 1
19 L 6 651 1
19 L 6 1617 1
19 L 6 299 1
19 D 997 1184 1
19 D 997 651 1
19 D 997 1617 1
19 D 997 299 1
20 L 5 1719 1
20 L 5 1023 1
20 L 5 795 1
20 D 4 1719 1
20 D 4 1023 1
20 D 4 795 1
21 L 4 1470 1
21 L 4 401 1
21 L 4 483 1
21 D 12 1470 1
21 D 12 401 1
21 D 12 483 1
22 L 5 1865 1
22 L 5 1798 1
22 L 5 591 1
22 L 5 159 1
22 D 35 1865 1
22 D 35 1798 1
22 D 35 591 1
22 D 35 159 1
23 L 2 716 1
23 L 2 814 1
23 L 2 1177 1
23 L 2 1466 1
23 D 61 716 1
23 D 61 814 1
23 D 61 1177 1
23 D 61 1466 1
24 L 1 678 1
24 L 1 1034 1
24 L 1 96 1
24 L 1 1301 1
24 L 1 877 1
24 D 72 678 1
24 D 72 1034 1
24 D 72 96 1
24 D 72 1301 1
24 D 72 877 1
25 L 6 471 1
25 L 6 1833 1
25 L 6 661 1
25 D 76 471 1
25 D 76 1833 1
25 D 76 661 1
26 L 1 1712 1
26 L 1 18 1
26 L 1 605 1
26 L 1 741 1
26 D 100 1712 1
26 D 100 18 1
26 D 100 605 1
26 D 100 741 1
27 L 6 857 1
27 L 6 680 1
27 L 6 786 1
27 L 6 769 1
27 L 6 1488 1
27 L 6 989 1
27 D 127 857 1
27 D 127 680 1
27 D 127 786 1
27 D 127 769 1
27 D 127 1488 1
27 D 127 989 1
28 L 14 1825 1
28 L 14 521 1
28 L 14 247 1
28 D 151 1825 1
28 D 151 521 1
28 D 151 247 1
29 L 13 1290 1
29 L 13 1817 1
29 L 13 667 1
29 L 13 123 1
29 D 153 1290 1
29 D 153 1817 1
29 D 153 667 1
29 D 153 123 1
0 L 1 521 1
0 L 1 1982 1
0 L 1 688 1
0 D 163 521 1
0 D 163 1982 1
0 D 163 688 1
1 L 2 153 1
1 L 2 1186 1
1 L 2 1655 1
1 L 2 1602 1
1 L 2 1475 1
1 D 166 153 1
1 D 166 1186 1
1 D 166 1655 1
1 D 166 1602 1
1 D 166 1475 1
2 L 10 1321 1
2 L 10 31 1
2 L 10 1056 1
2 D 174 1321 1
2 D 174 31 1
2 D 174 1056 1
3 L 0 1111 1
3 L 0 369 1
3 L 0 1378 1
3 L 0 1856 1
3 L 0 1129 1
3 D 193 1111 1
3 D 193 369 1
3 D 193 1378 1
3 D 193 1856 1
3 D 193 1129 1
4 L 5 710 1
4 L 5 388 1
4 D 199 710 1
4 D 199 388 1
5 L 7 1221 1
5 L 7 1850 1
5 L 7 790 1
5 L 7 358 1
5 L 7 1946 1
5 D 200 1221 1
5 D 200 1850 1
5 D 200 790 1
5 D 200 358 1
5 D 200 1946 1
6 L 8 841 1
6 L 8 919 1
6 L 8 732 1
6 L 8 1170 1
6 L 8 342 1
6 L 8 1703 1
6 D 222 841 1
6 D 222 919 1
6 D 222 732 1
6 D 222 1170 1
6 D 222 342 1
6 D 222 1703 1
7 L 5 399 1
7 L 5 1183 1
7 L 5 1414 1
7 L 5 446 1
7 L 5 950 1
7 D 224 399 1
7 D 224 1183 1
7 D 224 1414 1
7 D 224 446 1
7 D 224 950 1
8 L 6 218 1
8 L 6 1295 1
8 L 6 398 1
8 L 6 264 1
8 D 226 218 1
8 D 226 1295 1
8 D 226 398 1
8 D 226 264 1
9 L 3 360 1
9 L 3 1580 1
9 L 3 1762 1
9 D 228 360 1
9 D 228 1580 1
9 D 228 1762 1
10 L 1 1420 1
10 L 1 1817 1
10 L 1 1979 1
10 L 1 10 1
10 L 1 252 1
10 D 284 1420 1
10 D 284 1817 1
10 D 284 1979 1
10 D 284 10 1
10 D 284 252 1
11 L 2 862 1
11 L 2 1097 1
11 L 2 168 1
11 D 301 862 1
11 D 301 1097 1
11 D 301 168 1
12 L 7 101 1
12 L 7 870 1
12 L 7 535 1
12 D 317 101 1
12 D 317 870 1
12 D 317 535 1
13 L 1 757 1
13 L 1 1795 1
13 L 1 1002 1
13 L 1 434 1
13 L 1 1124 1
13 D 334 757 1
13 D 334 1795 1
13 D 334 1002 1
13 D 334 434 1
13 D 334 1124 1
14 L 5 1833 1
14 L 5 1230 1
14 L 5 1395 1
14 L 5 1338 1
14 D 375 1833 1
14 D 375 1230 1
14 D 375 1395 1
14 D 375 1338 1
15 L 9 716 1
15 L 9 8 1
15 L 9 1595 1
15 L 9 477 1
15 D 380 716 1
15 D 380 8 1
15 D 380 1595 1
15 D 380 477 1
17 L 5 1817 1
17 L 5 987 1
17 L 5 1070 1
17 D 406 1817 1
17 D 406 987 1
17 D 406 1070 1
18 L 10 1233 1
18 L 10 1529 1
18 D 407 1233 1
18 D 407 1529 1
19 L 4 1887 1
19 L 4 1264 1
19 L 4 1680 1
19 L 4 591 1
19 D 430 1887 1
19 D 430 1264 1
19 D 430 1680 1
19 D 430 591 1
20 L 2 1722 1
20 L 2 1885 1
20 L 2 1791 1
20 L 2 62 1
20 L 2 1818 1
20 D 461 1722 1
20 D 461 1885 1
20 D 461 1791 1
20 D 461 62 1
20 D 461 1818 1
21 L 0 367 1
21 L 0 1595 1
21 L 0 163 1
21 L 0 289 1
21 D 497 367 1
21 D 497 1595 1
21 D 497 163 1
21 D 497 289 1
22 L 7 1771 1
22 L 7 121 1
22 L 7 1753 1
22 L 7 723 1
22 D 523 1771 1
22 D 523 121 1
22 D 523 1753 1
22 D 523 723 1
23 L 2 382 1
23 L 2 946 1
23 L 2 241 1
23 D 528 382 1
23 D 528 946 1
23 D 528 241 1
25 L 3 1279 1
25 L 3 1523 1
25 L 3 1854 1
25 L 3 1881 1
25 L 3 1159 1
25 D 542 1279 1
25 D 542 1523 1
25 D 542 1854 1
25 D 542 1881 1
25 D 542 1159 1
26 L 1 443 1
26 L 1 1175 1
26 L 1 1034 1
26 L 1 1414 1
26 L 1 1043 1
26 D 549 443 1
26 D 549 1175 1
26 D 549 1034 1
26 D 549 1414 1
26 D 549 1043 1
27 L 0 917 1
27 L 0 360 1
27 L 0 210 1
27 D 633 917 1
27 D 633 360 1
27 D 633 210 1
28 L 4 1022 1
28 L 4 841 1
28 L 4 680 1
28 L 4 1116 1
28 L 4 278 1
28 D 640 1022 1
28 D 640 841 1
28 D 640 680 1
28 D 640 1116 1
28 D 640 278 1
29 L 0 560 1
29 L 0 233 1
29 L 0 1049 1
29 D 646 560 1
29 D 646 233 1
29 D 646 1049 1
0 L 2 181 1
0 L 2 684 1
0 L 2 1037 1
0 L 2 557 1
0 D 669 181 1
0 D 669 684 1
0 D 669 1037 1
0 D 669 557 1
1 L 4 1510 1
1 L 4 882 1
1 L 4 1048 1
1 D 689 1510 1
1 D 689 882 1
1 D 689 1048 1
2 L 3 1567 1
2 L 3 810 1
2 L 3 879 1
2 L 3 296 1
2 D 762 1567 1
2 D 762 810 1
2 D 762 879 1
2 D 762 296 1
3 L 1 737 1
3 L 1 1798 1
3 L 1 23 1
3 L 1 1649 1
3 L 1 513 1
3 D 771 737 1
3 D 771 1798 1
3 D 771 23 1
3 D 771 1649 1
3 D 771 513 1
4 L 6 97 1
4 L 6 580 1
4 L 6 1488 1
4 L 6 1383 1
4 L 6 53 1
4 D 799 97 1
4 D 799 580 1
4 D 799 1488 1
4 D 799 1383 1
4 D 799 53 1
5 L 3 1510 1
5 L 3 153 1
5 L 3 1448 1
5 L 3 1086 1
5 D 806 1510 1
5 D 806 153 1
5 D 806 1448 1
5 D 806 1086 1
6 L 2 1887 1
6 L 2 512 1
6 L 2 880 1
6 L 2 1253 1
6 D 821 1887 1
6 D 821 512 1
6 D 821 880 1
6 D 821 1253 1
7 L 5 1706 1
7 L 5 1013 1
7 L 5 490 1
7 L 5 31 1
7 D 848 1706 1
7 D 848 1013 1
7 D 848 490 1
7 D 848 31 1
8 L 2 759 1
8 L 2 172 1
8 L 2 1278 1
8 L 2 1328 1
8 D 850 759 1
8 D 850 172 1
8 D 850 1278 1
8 D 850 1328 1
10 L 5 1948 1
10 L 5 794 1
10 D 872 1948 1
10 D 872 794 1
11 L 5 121 1
11 L 5 97 1
11 L 5 355 1
11 D 880 121 1
11 D 880 97 1
11 D 880 355 1
12 L 1 1241 1
12 L 1 872 1
12 L 1 956 1
12 D 900 1241 1
12 D 900 872 1
12 D 900 956 1
13 L 3 1326 1
13 L 3 1754 1
13 L 3 807 1
13 L 3 1472 1
13 D 947 1326 1
13 D 947 1754 1
13 D 947 807 1
13 D 947 1472 1
14 L 0 1024 1
14 L 0 786 1
14 L 0 1414 1
14 L 0 80 1
14 L 0 352 1
14 D 960 1024 1
14 D 960 786 1
14 D 960 1414 1
14 D 960 80 1
14 D 960 352 1
16 L 11 841 1
16 L 11 1855 1
16 L 11 1080 1
16 L 11 485 1
16 D 13 841 1
16 D 13 1855 1
16 D 13 1080 1
16 D 13 485 1
17 L 3 1084 1
17 L 3 1508 1
17 L 3 1589 1
17 L 3 1628 1
17 L 3 1810 1
17 D 26 1084 1
17 D 26 1508 1
17 D 26 1589 1
17 D 26 1628 1
17 D 26 1810 1
18 L 3 731 1
18 L 3 1887 1
18 L 3 1441 1
18 L 3 341 1
18 D 33 731 1
18 D 33 1887 1
18 D 33 1441 1
18 D 33 341 1
19 L 4 1830 1
19 L 4 1865 1
19 L 4 534 1
19 D 36 1830 1
19 D 36 1865 1
19 D 36 534 1
20 L 0 967 1
20 L 0 1886 1
20 L 0 1325 1
20 D 63 967 1
20 D 63 1886 1
20 D 63 1325 1
21 L 5 902 1
21 L 5 419 1
21 L 5 1665 1
21 D 65 902 1
21 D 65 419 1
21 D 65 1665 1
23 L 14 1859 1
23 L 14 386 1
23 L 14 1479 1
23 D 118 1859 1
23 D 118 386 1
23 D 118 1479 1
24 L 2 1897 1
24 L 2 10 1
24 D 149 1897 1
24 D 149 10 1
25 L 7 1366 1
25 L 7 1230 1
25 L 7 723 1
25 L 7 168 1
25 D 230 1366 1
25 D 230 1230 1
25 D 230 723 1
25 D 230 168 1
26 L 1 713 1
26 L 1 607 1
26 L 1 1843 1
26 L 1 1870 1
26 D 239 713 1
26 D 239 607 1
26 D 239 1843 1
26 D 239 1870 1
27 L 1 1024 1
27 L 1 1279 1
27 L 1 1441 1
27 L 1 1554 1
27 L 1 1309 1
27 D 280 1024 1
27 D 280 1279 1
27 D 280 1441 1
27 D 280 1554 1
27 D 280 1309 1
28 L 2 1372 1
28 L 2 1773 1
28 L 2 936 1
28 L 2 1695 1
28 D 330 1372 1
28 D 330 1773 1
28 D 330 936 1
28 D 330 1695 1
29 L 4 334 1
29 L 4 1280 1
29 L 4 1482 1
29 L 4 875 1
29 D 338 334 1
29 D 338 1280 1
29 D 338 1482 1
29 D 338 875 1
0 L 12 1721 1
0 L 12 384 1
0 L 12 1267 1
0 D 353 1721 1
0 D 353 384 1
0 D 353 1267 1
1 L 4 1534 1
1 L 4 1943 1
1 L 4 1115 1
1 D 354 1534 1
1 D 354 1943 1
1 D 354 1115 1
2 L 4 538 1
2 L 4 764 1
2 L 4 534 1
2 L 4 490 1
2 D 385 538 1
2 D 385 764 1
2 D 385 534 1
2 D 385 490 1
4 L 3 324 1
4 L 3 501 1
4 L 3 1589 1
4 L 3 605 1
4 D 417 324 1
4 D 417 501 1
4 D 417 1589 1
4 D 417 605 1
5 L 4 719 1
5 L 4 793 1
5 L 4 501 1
5 L 4 959 1
5 D 457 719 1
5 D 457 793 1
5 D 457 501 1
5 D 457 959 1
6 L 11 1264 1
6 L 11 1337 1
6 L 11 1843 1
6 L 11 597 1
6 D 499 1264 1
6 D 499 1337 1
6 D 499 1843 1
6 D 499 597 1
7 L 2 1395 2
7 L 2 113 1
7 L 2 243 1
7 D 509 1395 2
7 D 509 113 1
7 D 509 243 1
8 L 4 618 1
8 L 4 1995 1
8 L 4 1888 1
8 L 4 1290 1
8 D 531 618 1
8 D 531 1995 1
8 D 531 1888 1
8 D 531 1290 1
9 L 3 1846 1
9 L 3 841 1
9 L 3 255 1
9 L 3 985 1
9 D 550 1846 1
9 D 550 841 1
9 D 550 255 1
9 D 550 985 1
10 L 2 1300 1
10 L 2 1589 1
10 L 2 15 1
10 D 556 1300 1
10 D 556 1589 1
10 D 556 15 1
11 L 13 467 1
11 L 13 268 1
11 L 13 1224 1
11 L 13 854 1
11 D 562 467 1
11 D 562 268 1
11 D 562 1224 1
11 D 562 854 1
12 L 4 1683 1
12 L 4 198 1
12 L 4 1489 1
12 D 571 1683 1
12 D 571 198 1
12 D 571 1489 1
13 L 6 1303 1
13 L 6 1828 1
13 L 6 488 1
13 L 6 446 1
13 D 594 1303 1
13 D 594 1828 1
13 D 594 488 1
13 D 594 446 1
14 L 0 442 1
14 L 0 1028 1
14 L 0 1062 1
14 L 0 517 1
14 D 672 442 1
14 D 672 1028 1
14 D 672 1062 1
14 D 672 517 1
15 L 3 1677 1
15 L 3 1172 1
15 L 3 432 1
15 D 677 1677 1
15 D 677 1172 1
15 D 677 432 1
16 L 2 1802 1
16 L 2 1925 1
16 L 2 1441 1
16 L 2 16 1
16 L 2 1870 1
16 D 763 1802 1
16 D 763 1925 1
16 D 763 1441 1
16 D 763 16 1
16 D 763 1870 1
18 L 2 1757 1
18 L 2 442 1
18 L 2 131 1
18 D 829 1757 1
18 D 829 442 1
18 D 829 131 1
19 L 1 283 1
19 L 1 1028 1
19 L 1 1615 1
19 L 1 397 1
19 L 1 1980 1
19 D 844 283 1
19 D 844 1028 1
19 D 844 1615 1
19 D 844 397 1
19 D 844 1980 1
20 L 7 1002 1
20 L 7 512 1
20 L 7 1327 1
20 L 7 252 1
20 L 7 284 1
20 L 7 1115 1
20 D 852 1002 1
20 D 852 512 1
20 D 852 1327 1
20 D 852 252 1
20 D 852 284 1
20 D 852 1115 1
21 L 0 917 1
21 L 0 692 1
21 L 0 796 1
21 L 0 342 1
21 D 903 917 1
21 D 903 692 1
21 D 903 796 1
21 D 903 342 1
23 L 7 1897 1
23 L 7 1087 1
23 L 7 1974 1
23 D 945 1897 1
23 D 945 1087 1
23 D 945 1974 1
24 L 3 54 1
24 L 3 759 1
24 L 3 1184 1
24 L 3 384 1
24 D 946 54 1
24 D 946 759 1
24 D 946 1184 1
24 D 946 384 1
25 L 7 481 1
25 L 7 312 1
25 L 7 1883 1
25 L 7 1783 1
25 D 959 481 1
25 D 959 312 1
25 D 959 1883 1
25 D 959 1783 1
26 L 0 833 1
26 L 0 560 1
26 L 0 1142 1
26 D 985 833 1
26 D 985 560 1
26 D 985 1142 1
27 L 9 608 1
27 L 9 1278 1
27 L 9 290 1
27 L 9 1531 1
27 D 992 608 1
27 D 992 1278 1
27 D 992 290 1
27 D 992 1531 1
28 L 4 1887 1
28 L 4 719 1
28 L 4 803 1
28 L 4 1893 1
28 D 32 1887 1
28 D 32 719 1
28 D 32 803 1
28 D 32 1893 1
29 L 7 1200 1
29 L 7 369 1
29 L 7 884 1
29 L 7 364 1
29 D 56 1200 1
29 D 56 369 1
29 D 56 884 1
29 D 56 364 1
0 L 6 1184 1
0 L 6 384 1
0 L 6 1444 1
0 L 6 966 1
0 D 104 1184 1
0 D 104 384 1
0 D 104 1444 1
0 D 104 966 1
1 L 7 1831 1
1 L 7 1003 1
1 D 138 1831 1
1 D 138 1003 1
2 L 6 539 1
2 L 6 1645 1
2 L 6 1270 1
2 D 177 539 1
2 D 177 1645 1
2 D 177 1270 1
3 L 5 857 1
3 L 5 896 1
3 L 5 1138 1
3 L 5 1449 1
3 L 5 1025 1
3 D 208 857 1
3 D 208 896 1
3 D 208 1138 1
3 D 208 1449 1
3 D 208 1025 1
4 L 14 443 1
4 L 14 737 2
4 L 14 369 1
4 D 254 443 1
4 D 254 737 2
4 D 254 369 1
5 L 7 418 1
5 L 7 68 1
5 L 7 1174 1
5 L 7 1449 1
5 L 7 1513 1
5 D 365 418 1
5 D 365 68 1
5 D 365 1174 1
5 D 365 1449 1
5 D 365 1513 1
6 L 0 1554 1
6 L 0 1962 1
6 L 0 1438 1
6 D 374 1554 1
6 D 374 1962 1
6 D 374 1438 1
7 L 3 818 1
7 L 3 163 1
7 L 3 707 1
7 L 3 1029 1
7 L 3 1383 1
7 D 393 818 1
7 D 393 163 1
7 D 393 707 1
7 D 393 1029 1
7 D 393 1383 1
8 L 1 1995 1
8 L 1 386 1
8 L 1 94 1
8 L 1 631 1
8 D 418 1995 1
8 D 418 386 1
8 D 418 94 1
8 D 418 631 1
9 L 14 1732 1
9 L 14 1070 1
9 L 14 1462 1
9 D 428 1732 1
9 D 428 1070 1
9 D 428 1462 1
10 L 3 179 1
10 L 3 1270 1
10 L 3 339 1
10 L 3 764 1
10 L 3 1061 1
10 L 3 730 1
10 D 451 179 1
10 D 451 1270 1
10 D 451 339 1
10 D 451 764 1
10 D 451 1061 1
10 D 451 730 1
11 L 1 757 1
11 L 1 399 1
11 L 1 1000 1
11 L 1 751 1
11 L 1 300 1
11 D 460 757 1
11 D 460 399 1
11 D 460 1000 1
11 D 460 751 1
11 D 460 300 1
12 L 14 1200 1
12 L 14 1306 1
12 D 578 1200 1
12 D 578 1306 1
13 L 13 925 1
13 L 13 1771 1
13 L 13 1021 1
13 L 13 769 1
13 L 13 622 1
13 D 597 925 1
13 D 597 1771 1
13 D 597 1021 1
13 D 597 769 1
13 D 597 622 1
14 L 7 680 1
14 L 7 1468 1
14 L 7 255 1
14 L 7 796 1
14 D 605 680 1
14 D 605 1468 1
14 D 605 255 1
14 D 605 796 1
15 L 13 1470 1
15 L 13 454 1
15 L 13 1005 1
15 D 647 1470 1
15 D 647 454 1
15 D 647 1005 1
17 L 4 793 1
17 L 4 362 1
17 L 4 68 1
17 D 715 793 1
17 D 715 362 1
17 D 715 68 1
18 L 7 293 1
18 L 7 698 1
18 L 7 596 1
18 L 7 1077 1
18 D 724 293 1
18 D 724 698 1
18 D 724 596 1
18 D 724 1077 1
19 L 1 1813 1
19 L 1 454 1
19 L 1 906 1
19 D 733 1813 1
19 D 733 454 1
19 D 733 906 1
20 L 10 795 1
20 L 10 1914 1
20 L 10 1843 1
20 D 746 795 1
20 D 746 1914 1
20 D 746 1843 1
21 L 3 870 1
21 L 3 953 1
21 L 3 411 1
21 L 3 17 1
21 D 801 870 1
21 D 801 953 1
21 D 801 411 1
21 D 801 17 1
23 L 8 481 1
23 L 8 680 1
23 L 8 438 1
23 L 8 1714 1
23 D 879 481 1
23 D 879 680 1
23 D 879 438 1
23 D 879 1714 1
24 L 6 533 1
24 L 6 1097 1
24 L 6 1681 1
24 L 6 491 1
24 L 6 513 1
24 D 894 533 1
24 D 894 1097 1
24 D 894 1681 1
24 D 894 491 1
24 D 894 513 1
25 L 7 1771 1
25 L 7 1465 1
25 L 7 882 1
25 D 902 1771 1
25 D 902 1465 1
25 D 902 882 1
26 L 3 1719 1
26 L 3 1372 1
26 L 3 114 1
26 L 3 724 1
26 L 3 488 1
26 L 3 584 1
26 D 918 1719 1
26 D 918 1372 1
26 D 918 114 1
26 D 918 724 1
26 D 918 488 1
26 D 918 584 1
27 L 2 767 1
27 L 2 884 1
27 L 2 76 1
27 D 920 767 1
27 D 920 884 1
27 D 920 76 1
28 L 3 1003 1
28 L 3 806 1
28 D 990 1003 1
28 D 990 806 1
29 L 1 1414 1
29 L 1 537 1
29 L 1 1299 1
29 D 27 1414 1
29 D 27 537 1
29 D 27 1299 1
0 L 1 1722 1
0 L 1 757 1
0 L 1 793 1
0 L 1 1031 1
0 D 52 1722 1
0 D 52 757 1
0 D 52 793 1
0 D 52 1031 1
4 L 3 1062 1
4 L 3 1433 1
4 L 3 1762 1
4 L 3 587 1
4 L 3 1972 1
4 L 3 145 1
4 D 179 1062 1
4 D 179 1433 1
4 D 179 1762 1
4 D 179 587 1
4 D 179 1972 1
4 D 179 145 1
5 L 2 757 1
5 L 2 1637 1
5 L 2 512 1
5 L 2 1471 1
5 D 266 757 1
5 D 266 1637 1
5 D 266 512 1
5 D 266 1471 1
7 L 2 1408 1
7 L 2 283 1
7 L 2 1741 1
7 L 2 1602 1
7 D 348 1408 1
7 D 348 283 1
7 D 348 1741 1
7 D 348 1602 1
9 L 1 1685 1
9 L 1 779 1
9 D 384 1685 1
9 D 384 779 1
10 L 4 1276 1
10 L 4 1858 1
10 L 4 1987 1
10 L 4 1462 1
10 D 399 1276 1
10 D 399 1858 1
10 D 399 1987 1
10 D 399 1462 1
11 L 9 723 1
11 L 9 1029 1
11 L 9 1174 1
11 L 9 764 1
11 L 9 231 1
11 D 458 723 1
11 D 458 1029 1
11 D 458 1174 1
11 D 458 764 1
11 D 458 231 1
12 L 4 1887 1
12 L 4 1042 1
12 L 4 1951 1
12 L 4 635 1
12 L 4 1669 1
12 D 481 1887 1
12 D 481 1042 1
12 D 481 1951 1
12 D 481 635 1
12 D 481 1669 1
13 L 9 399 1
13 L 9 769 1
13 L 9 1878 1
13 L 9 1000 1
13 L 9 796 1
13 L 9 1268 1
13 D 496 399 1
13 D 496 769 1
13 D 496 1878 1
13 D 496 1000 1
13 D 496 796 1
13 D 496 1268 1
14 L 4 618 1
14 L 4 16 1
14 L 4 612 1
14 L 4 1422 1
14 D 580 618 1
14 D 580 16 1
14 D 580 612 1
14 D 580 1422 1
15 L 3 114 1
15 L 3 650 1
15 L 3 1530 1
15 L 3 1908 1
15 D 616 114 1
15 D 616 650 1
15 D 616 1530 1
15 D 616 1908 1
17 L 1 501 1
17 L 1 879 1
17 L 1 438 1
17 D 630 501 1
17 D 630 879 1
17 D 630 438 1
18 L 2 713 1
18 L 2 1958 1
18 L 2 720 1
18 L 2 1870 1
18 L 2 63 1
18 L 2 1462 1
18 D 697 713 1
18 D 697 1958 1
18 D 697 720 1
18 D 697 1870 1
18 D 697 63 1
18 D 697 1462 1
19 L 4 795 1
19 L 4 42 1
19 L 4 945 1
19 D 700 795 1
19 D 700 42 1
19 D 700 945 1
20 L 15 1534 1
20 L 15 1763 1
20 L 15 704 1
20 D 845 1534 1
20 D 845 1763 1
20 D 845 704 1
21 L 2 1194 1
21 L 2 1690 1
21 L 2 1002 1
21 L 2 688 1
21 L 2 513 1
21 D 864 1194 1
21 D 864 1690 1
21 D 864 1002 1
21 D 864 688 1
21 D 864 513 1
22 L 2 678 1
22 L 2 1062 1
22 L 2 512 1
22 L 2 1643 1
22 L 2 920 1
22 D 892 678 1
22 D 892 1062 1
22 D 892 512 1
22 D 892 1643 1
22 D 892 920 1
23 L 6 16 1
23 L 6 1149 1
23 L 6 1993 1
23 L 6 585 1
23 D 922 16 1
23 D 922 1149 1
23 D 922 1993 1
23 D 922 585 1
24 L 6 1300 1
24 L 6 1875 1
24 L 6 1529 1
24 L 6 1341 1
24 D 944 1300 1
24 D 944 1875 1
24 D 944 1529 1
24 D 944 1341 1
25 L 0 1241 1
25 L 0 42 1
25 L 0 1108 1
25 L 0 1081 1
25 L 0 513 1
25 D 988 1241 1
25 D 988 42 1
25 D 988 1108 1
25 D 988 1081 1
25 D 988 513 1
26 L 6 14 1
26 L 6 1062 1
26 L 6 814 1
26 D 83 14 1
26 D 83 1062 1
26 D 83 814 1
27 L 5 795 1
27 L 5 16 1
27 L 5 1034 1
27 D 142 795 1
27 D 142 16 1
27 D 142 1034 1
29 L 8 967 1
29 L 8 1875 1
29 L 8 1029 1
29 L 8 564 1
29 L 8 1239 1
29 D 181 967 1
29 D 181 1875 1
29 D 181 1029 1
29 D 181 564 1
29 D 181 1239 1
0 L 1 795 1
0 L 1 1265 1
0 L 1 400 1
0 D 357 795 1
0 D 357 1265 1
0 D 357 400 1
1 L 0 1887 1
1 L 0 1941 1
1 L 0 963 1
1 D 498 1887 1
1 D 498 1941 1
1 D 498 963 1
2 L 6 1230 1
2 L 6 293 1
2 L 6 806 1
2 L 6 215 1
2 D 582 1230 1
2 D 582 293 1
2 D 582 806 1
2 D 582 215 1
3 L 7 302 1
3 L 7 1569 1
3 L 7 1836 1
3 D 599 302 1
3 D 599 1569 1
3 D 599 1836 1
4 L 5 1956 1
4 L 5 618 1
4 L 5 560 1
4 L 5 392 1
4 L 5 531 1
4 D 657 1956 1
4 D 657 618 1
4 D 657 560 1
4 D 657 392 1
4 D 657 531 1
5 L 2 443 1
5 L 2 463 1
5 L 2 455 1
5 L 2 1319 1
5 L 2 1595 1
5 D 661 443 1
5 D 661 463 1
5 D 661 455 1
5 D 661 1319 1
5 D 661 1595 1
6 L 8 678 1
6 L 8 1897 1
6 L 8 1323 1
6 L 8 483 1
6 D 662 678 1
6 D 662 1897 1
6 D 662 1323 1
6 D 662 483 1
7 L 9 1956 1
7 L 9 967 1
7 L 9 362 1
7 L 9 1327 1
7 D 865 1956 1
7 D 865 967 1
7 D 865 362 1
7 D 865 1327 1
8 L 3 1363 1
8 L 3 1843 1
8 L 3 1987 1
8 L 3 1448 1
8 D 899 1363 1
8 D 899 1843 1
8 D 899 1987 1
8 D 899 1448 1
11 L 2 1177 1
11 L 2 382 1
11 L 2 26 1
11 L 2 1449 1
11 D 983 1177 1
11 D 983 382 1
11 D 983 26 1
11 D 983 1449 1
12 L 14 759 1
12 L 14 1716 1
12 L 14 1414 1
12 L 14 50 1
12 L 14 753 1
12 L 14 918 1
12 D 89 759 1
12 D 89 1716 1
12 D 89 1414 1
12 D 89 50 1
12 D 89 753 1
12 D 89 918 1
13 L 9 1956 2
13 L 9 33 1
13 L 9 151 1
13 L 9 1617 1
13 L 9 513 1
13 D 120 1956 2
13 D 120 33 1
13 D 120 151 1
13 D 120 1617 1
13 D 120 513 1
14 L 10 481 1
14 L 10 1021 1
14 L 10 1019 1
14 L 10 523 1
14 D 165 481 1
14 D 165 1021 1
14 D 165 1019 1
14 D 165 523 1
16 L 3 997 1
16 L 3 879 1
16 L 3 1913 1
16 D 298 997 1
16 D 298 879 1
16 D 298 1913 1
17 L 1 1002 1
17 L 1 132 1
17 L 1 654 1
17 L 1 1649 1
17 L 1 1063 1
17 D 307 1002 1
17 D 307 132 1
17 D 307 654 1
17 D 307 1649 1
17 D 307 1063 1
18 L 11 54 1
18 L 11 1680 1
18 L 11 742 1
18 L 11 1703 1
18 D 394 54 1
18 D 394 1680 1
18 D 394 742 1
18 D 394 1703 1
19 L 5 399 1
19 L 5 841 1
19 L 5 344 1
19 L 5 1585 1
19 D 421 399 1
19 D 421 841 1
19 D 421 344 1
19 D 421 1585 1
20 L 3 1084 1
20 L 3 457 1
20 L 3 1936 1
20 L 3 122 1
20 D 501 1084 1
20 D 501 457 1
20 D 501 1936 1
20 D 501 122 1
21 L 2 285 1
21 L 2 1897 1
21 L 2 726 1
21 D 602 285 1
21 D 602 1897 1
21 D 602 726 1
22 L 10 218 1
22 L 10 1798 1
22 L 10 1878 1
22 L 10 905 1
22 D 735 218 1
22 D 735 1798 1
22 D 735 1878 1
22 D 735 905 1
23 L 0 1846 1
23 L 0 1300 1
23 L 0 409 1
23 D 738 1846 1
23 D 738 1300 1
23 D 738 409 1
24 L 9 48 1
24 L 9 984 1
24 L 9 992 1
24 D 758 48 1
24 D 758 984 1
24 D 758 992 1
25 L 2 1420 1
25 L 2 517 1
25 L 2 903 1
25 L 2 1042 1
25 D 809 1420 1
25 D 809 517 1
25 D 809 903 1
25 D 809 1042 1
26 L 7 429 1
26 L 7 1132 1
26 L 7 1780 1
26 L 7 283 1
26 D 867 429 1
26 D 867 1132 1
26 D 867 1780 1
26 D 867 283 1
27 L 10 324 1
27 L 10 283 1
27 L 10 1330 1
27 L 10 591 1
27 D 881 324 1
27 D 881 283 1
27 D 881 1330 1
27 D 881 591 1
28 L 7 481 1
28 L 7 467 1
28 L 7 384 1
28 D 11 481 1
28 D 11 467 1
28 D 11 384 1
0 L 3 1022 1
0 L 3 1771 1
0 L 3 1550 1
0 L 3 63 1
0 D 190 1022 1
0 D 190 1771 1
0 D 190 1550 1
0 D 190 63 1
1 L 8 988 1
1 L 8 1765 1
1 L 8 1488 1
1 D 211 988 1
1 D 211 1765 1
1 D 211 1488 1
3 L 12 1879 1
3 L 12 1300 1
3 L 12 1097 1
3 D 491 1879 1
3 D 491 1300 1
3 D 491 1097 1
4 L 7 877 1
4 L 7 1295 1
4 L 7 806 1
4 L 7 1883 1
4 D 504 877 1
4 D 504 1295 1
4 D 504 806 1
4 D 504 1883 1
7 L 3 1943 1
7 L 3 526 1
7 L 3 769 1
7 L 3 992 1
7 L 3 1922 1
7 L 3 789 1
7 D 701 1943 1
7 D 701 526 1
7 D 701 769 1
7 D 701 992 1
7 D 701 1922 1
7 D 701 789 1
8 L 5 560 1
8 L 5 1220 1
8 L 5 1548 1
8 D 808 560 1
8 D 808 1220 1
8 D 808 1548 1
9 L 10 1264 1
9 L 10 560 1
9 L 10 1969 1
9 L 10 1495 1
9 L 10 1981 1
9 D 891 1264 1
9 D 891 560 1
9 D 891 1969 1
9 D 891 1495 1
9 D 891 1981 1
